116 [22824] INFO perfrun.launcher <> - Launcher main begin
123 [22824] INFO perfrun.launcher <> - MessageCatalogInit finished
123 [22824] INFO perfrun.launcher <> - Launcher instance created
123 [22824] INFO perfrun.launcher <> - argc = 7; cmdline = C:\Program Files (x86)\Intel\oneAPI\vtune\2024.2\bin64\amplxe-runss.exe --ui-output-format xml --ui-output-fd 892 --option-file D:\Project\boltzmann-cuda\Intel® VTune™ Profiler Results\boltzmann-cuda\r005gh\config\runsa.options 
155 [22824] INFO perfrun.launcher <> - New signal handler callback was added
214 [22824] INFO perfrun.perfcollector <> - SEP tool path: C:\Program Files (x86)\Intel\oneAPI\vtune\2024.2\bin64\sep.exe
243 [22824] INFO perfrun.launcher <> - create msngr2::ICliToolContext
243 [22824] INFO perfrun.launcher <> - create file finder object
244 [22824] INFO perfrun.launcher <> - create a result directory: pattern = D:\Project\boltzmann-cuda\Intel® VTune™ Profiler Results\boltzmann-cuda\r005gh pid = 4294967295
251 [22824] INFO perfrun.launcher <> - create data directory = D:\Project\boltzmann-cuda\Intel® VTune™ Profiler Results\boltzmann-cuda\r005gh\data.0
253 [22824] INFO perfrun.launcher <> - Creating the master collection flag
261 [22824] INFO perfrun.launcher <> - Done creating the master collection flag
262 [23600] INFO perfrun.launcher <> - plugin [remoteplug] was disabled because it doesn't support the given collection type.
263 [23600] INFO perfrun.sdk <> - Allocating TMU :D:\Project\boltzmann-cuda\Intel® VTune™ Profiler Results\boltzmann-cuda\r005gh\data.0\systemcollector-2236-DESKTOP-K8ALCKG.sc
263 [23600] INFO perfrun.launcher <> - plugin [] was disabled because it doesn't support the given collection type.
267 [23600] INFO perfrun.launcher <> - plugin [] was disabled because it doesn't support the given collection type.
267 [23600] INFO perfrun.gpu <> - Event consumer configurations: 
279 [23600] INFO perfrun.gpu <> - DeviceInfo: address 0:0:2.0 subdevice index 0 preset 1 sampling interval 1000us
279 [23600] INFO perfrun.launcher <> - plugin [etw.kernel] was disabled because it doesn't support the given collection type.
280 [23600] INFO perfrun.etw <> - temporary log file name: C:\Users\Lenovo\AppData\Local\Temp\amplxe-tmp-Lenovo\perfrun1_etw_703836227911.etl
280 [23600] INFO perfrun.launcher <> - plugin [etw.wsa] was disabled because it doesn't support the given collection type.
280 [23600] INFO perfrun.mrte <> - system-wide mode is 0
280 [23600] INFO perfrun.mrte <> - Getting  mrte profiling environment ...
338 [23600] INFO perfrun.mrte <> - INTEL_MRTE_DATA_DIR=D:\Project\boltzmann-cuda\Intel® VTune™ Profiler Results\boltzmann-cuda\r005gh\data.0
338 [23600] INFO perfrun.mrte <> - INTEL_MRTE_HOST_NAME=DESKTOP-K8ALCKG
338 [23600] INFO perfrun.mrte <> - JAVA_TOOL_OPTIONS=-agentlib:amplxe_samplingmrte_javaprof_1.0
338 [23600] INFO perfrun.mrte <> - PATH=C:\Program Files (x86)\Intel\oneAPI\vtune\2024.2\bin32\runtime;C:\Program Files (x86)\Intel\oneAPI\vtune\2024.2\bin64\runtime;C:\Program Files\NVIDIA GPU Computing Toolkit\CUDA\v12.6\bin;C:\Program Files\NVIDIA GPU Computing Toolkit\CUDA\v12.6\libnvvp;C:\Program Files (x86)\VMware\VMware Workstation\bin\;C:\Windows\system32;C:\Windows;C:\Windows\System32\Wbem;C:\Windows\System32\WindowsPowerShell\v1.0\;C:\Windows\System32\OpenSSH\;C:\Program Files\NVIDIA Corporation\NVIDIA NvDLISR;C:\Program Files (x86)\NVIDIA Corporation\PhysX\Common;C:\Mingw\mingw64\bin;C:\Program Files\MySQL\MySQL Server 8.0\bin;C:\ProgramData\chocolatey\bin;C:\Program Files\CMake\bin;C:\Program Files\Git\cmd;C:\Program Files (x86)\Windows Kits\10\Windows Performance Toolkit\;C:\Program Files (x86)\GnuWin32\bin;C:\Program Files (x86)\Intel\oneAPI\vtune\2024.2\bin64;D:\Development\SDL2\lib\x64;C:\Program Files\NVIDIA Corporation\Nsight Compute 2024.3.0\;C:\Program Files\Microsoft Visual Studio\2022\Community\VC\Tools\MSVC\14.40.33807\bin\Hostx64\x64;C:\Program Files (x86)\Intel\oneAPI\advisor\2024.2\bin641;C:\fftw-3.3.5-dll64;;C:\Program Files\Docker\Docker\resources\bin;C:\Users\Lenovo\AppData\Local\Microsoft\WindowsApps;C:\Users\Lenovo\AppData\Local\Programs\Microsoft VS Code\bin;C:\Users\Lenovo\AppData\Local\Microsoft\WinGet\Packages\Schniz.fnm_Microsoft.Winget.Source_8wekyb3d8bbwe;C:\Users\Lenovo\AppData\Local\Microsoft\WinGet\Packages\Gyan.FFmpeg.Essentials_Microsoft.Winget.Source_8wekyb3d8bbwe\ffmpeg-7.0.2-essentials_build\bin
338 [23600] INFO perfrun.mrte <> - COR_ENABLE_PROFILING=1
338 [23600] INFO perfrun.mrte <> - COR_PROFILER={AA5E4821-E3B1-479c-B7FF-5AD047D22CED}
338 [23600] INFO perfrun.mrte <> - COMPLUS_ProfAPI_ProfilerCompatibilitySetting=EnableV2Profiler
338 [23600] INFO perfrun.mrte <> - CORECLR_ENABLE_PROFILING=1
338 [23600] INFO perfrun.mrte <> - CORECLR_PROFILER={AA5E4821-E3B1-479c-B7FF-5AD047D22CED}
338 [23600] INFO perfrun.mrte <> - CORECLR_PROFILER_PATH=C:\Program Files (x86)\Intel\oneAPI\vtune\2024.2\bin64/amplxe_samplingmrte_clrprof_1.0.dll
338 [23600] INFO perfrun.mrte <> - INTEL_MRTE_PROFILER_MODE=mixed
338 [23600] INFO perfrun.mrte <> - Data directory: D:\Project\boltzmann-cuda\Intel® VTune™ Profiler Results\boltzmann-cuda\r005gh\data.0
338 [23600] INFO perfrun.mrte <> - Mrte plugin is initialized
338 [23600] INFO perfrun.launcher <> - plugin [emon] was disabled because it doesn't support the given collection type.
338 [23600] INFO perfrun.launcher <> - plugin [cuscol] was disabled because it doesn't support the given collection type.
339 [23600] INFO perfrun.launcher <> - plugin [stdsrc] was disabled because it doesn't support the given collection type.
339 [23600] INFO perfrun.sdk <> - runCmd: "C:\Program Files (x86)\Intel\oneAPI\vtune\2024.2\bin64\sep.exe" -dry-run -ec CPU_CLK_UNHALTED.THREAD:sa=2688000,CPU_CLK_UNHALTED.REF_TSC:sample:sa=2688000,INST_RETIRED.ANY:sample:sa=2688000,CPU_CLK_UNHALTED.DISTRIBUTED:sa=2688000 -experimental
344 [23600] INFO perfrun.sdk <> - runCmd started PID 12912
527 [23600] INFO perfrun.launcher <> - plugin [vtsspp] was disabled because it doesn't support the given collection type.
527 [23600] INFO perfrun.launcher <> - plugin [perf] was disabled because it doesn't support the given collection type.
527 [23600] INFO perfrun.launcher <> - plugin [aoclprofile] was disabled because it doesn't support the given collection type.
527 [23600] INFO perfrun.tpss <> - initialize tpss controller
528 [23600] INFO perfrun.tpss <> - configure collection mode: value = opencl_ex:nostack|0:0:2.0
528 [23600] INFO perfrun.tpss <> - configure collection mode: value = opencl:nostack|0:0:2.0
528 [23600] INFO perfrun.tpss <> - configure collection mode: value = mediasdk:nostack|0:0:2.0
528 [23600] INFO perfrun.tpss <> - configure collection mode: value = level_zero:nostack|0:0:2.0
528 [23600] INFO perfrun.tpss <> - configure collection mode: value = directx:nostack|0:0:2.0
528 [23600] INFO perfrun.tpss <> - default obj-size-min=1024
528 [23600] INFO perfrun.tpss <> - default hash-table-size=0
528 [23600] INFO perfrun.launcher <> - plugin [] was disabled because it doesn't support the given collection type.
528 [23600] INFO perfrun.launcher <> - plugin [] was disabled because it doesn't support the given collection type.
528 [23600] INFO perfrun.launcher <> - plugin [] was disabled because it doesn't support the given collection type.
528 [23600] INFO perfrun.launcher <> - plugin [] was disabled because it doesn't support the given collection type.
528 [23600] INFO perfrun.launcher <> - plugin [power] was disabled because it doesn't support the given collection type.
529 [23600] INFO perfrun.launcher <> - plugin [] was disabled because it doesn't support the given collection type.
529 [23600] INFO perfrun.launcher <> - plugin [ipmwatch] was disabled because it doesn't support the given collection type.
529 [23600] INFO perfrun.launcher <> - plugin [os_counters] was disabled because it doesn't support the given collection type.
529 [23600] INFO perfrun.launcher <> - plugin [l0_metrics] was disabled because it doesn't support the given collection type.
529 [22824] INFO perfrun.launcher <> - set environment variable: PATH = C:\Program Files (x86)\Intel\oneAPI\vtune\2024.2\bin32\runtime;C:\Program Files (x86)\Intel\oneAPI\vtune\2024.2\bin64\runtime;C:\Program Files\NVIDIA GPU Computing Toolkit\CUDA\v12.6\bin;C:\Program Files\NVIDIA GPU Computing Toolkit\CUDA\v12.6\libnvvp;C:\Program Files (x86)\VMware\VMware Workstation\bin\;C:\Windows\system32;C:\Windows;C:\Windows\System32\Wbem;C:\Windows\System32\WindowsPowerShell\v1.0\;C:\Windows\System32\OpenSSH\;C:\Program Files\NVIDIA Corporation\NVIDIA NvDLISR;C:\Program Files (x86)\NVIDIA Corporation\PhysX\Common;C:\Mingw\mingw64\bin;C:\Program Files\MySQL\MySQL Server 8.0\bin;C:\ProgramData\chocolatey\bin;C:\Program Files\CMake\bin;C:\Program Files\Git\cmd;C:\Program Files (x86)\Windows Kits\10\Windows Performance Toolkit\;C:\Program Files (x86)\GnuWin32\bin;C:\Program Files (x86)\Intel\oneAPI\vtune\2024.2\bin64;D:\Development\SDL2\lib\x64;C:\Program Files\NVIDIA Corporation\Nsight Compute 2024.3.0\;C:\Program Files\Microsoft Visual Studio\2022\Community\VC\Tools\MSVC\14.40.33807\bin\Hostx64\x64;C:\Program Files (x86)\Intel\oneAPI\advisor\2024.2\bin641;C:\fftw-3.3.5-dll64;;C:\Program Files\Docker\Docker\resources\bin;C:\Users\Lenovo\AppData\Local\Microsoft\WindowsApps;C:\Users\Lenovo\AppData\Local\Programs\Microsoft VS Code\bin;C:\Users\Lenovo\AppData\Local\Microsoft\WinGet\Packages\Schniz.fnm_Microsoft.Winget.Source_8wekyb3d8bbwe;C:\Users\Lenovo\AppData\Local\Microsoft\WinGet\Packages\Gyan.FFmpeg.Essentials_Microsoft.Winget.Source_8wekyb3d8bbwe\ffmpeg-7.0.2-essentials_build\bin
529 [22824] INFO perfrun.launcher <> - set environment variable: INTEL_LIBITTNOTIFY32 = C:\Program Files (x86)\Intel\oneAPI\vtune\2024.2\bin32\runtime\ittnotify_collector.dll
529 [22824] INFO perfrun.launcher <> - set environment variable: INTEL_LIBITTNOTIFY64 = C:\Program Files (x86)\Intel\oneAPI\vtune\2024.2\bin64\runtime\ittnotify_collector.dll
530 [22824] INFO perfrun.launcher <> - set environment variable: INTEL_ITTNOTIFY_GROUPS = 
530 [22824] INFO perfrun.launcher <> - set environment variable: INTEL_JIT_PROFILER32 = C:\Program Files (x86)\Intel\oneAPI\vtune\2024.2\bin32\runtime\ittnotify_collector.dll
530 [22824] INFO perfrun.launcher <> - set environment variable: INTEL_JIT_PROFILER64 = C:\Program Files (x86)\Intel\oneAPI\vtune\2024.2\bin64\runtime\ittnotify_collector.dll
530 [22824] INFO perfrun.launcher <> - set environment variable: CCL_ITT_LEVEL = 1
531 [22824] INFO perfrun.launcher <> - set environment variable: ENABLE_JITPROFILING = 1
531 [22824] INFO perfrun.launcher <> - set environment variable: CL_CONFIG_USE_VTUNE = True
531 [22824] INFO perfrun.launcher <> - set environment variable: KMP_FORKJOIN_FRAMES = 0
531 [22824] INFO perfrun.launcher <> - set environment variable: KMP_FORKJOIN_FRAMES_MODE = 0
531 [22824] INFO perfrun.launcher <> - set environment variable: INTEL_MRTE_DATA_DIR = D:\Project\boltzmann-cuda\Intel® VTune™ Profiler Results\boltzmann-cuda\r005gh\data.0
532 [22824] INFO perfrun.launcher <> - set environment variable: INTEL_MRTE_HOST_NAME = DESKTOP-K8ALCKG
532 [22824] INFO perfrun.launcher <> - set environment variable: JAVA_TOOL_OPTIONS = -agentlib:amplxe_samplingmrte_javaprof_1.0
532 [22824] INFO perfrun.launcher <> - set environment variable: PATH = C:\Program Files (x86)\Intel\oneAPI\vtune\2024.2\bin32\runtime;C:\Program Files (x86)\Intel\oneAPI\vtune\2024.2\bin64\runtime;C:\Program Files\NVIDIA GPU Computing Toolkit\CUDA\v12.6\bin;C:\Program Files\NVIDIA GPU Computing Toolkit\CUDA\v12.6\libnvvp;C:\Program Files (x86)\VMware\VMware Workstation\bin\;C:\Windows\system32;C:\Windows;C:\Windows\System32\Wbem;C:\Windows\System32\WindowsPowerShell\v1.0\;C:\Windows\System32\OpenSSH\;C:\Program Files\NVIDIA Corporation\NVIDIA NvDLISR;C:\Program Files (x86)\NVIDIA Corporation\PhysX\Common;C:\Mingw\mingw64\bin;C:\Program Files\MySQL\MySQL Server 8.0\bin;C:\ProgramData\chocolatey\bin;C:\Program Files\CMake\bin;C:\Program Files\Git\cmd;C:\Program Files (x86)\Windows Kits\10\Windows Performance Toolkit\;C:\Program Files (x86)\GnuWin32\bin;C:\Program Files (x86)\Intel\oneAPI\vtune\2024.2\bin64;D:\Development\SDL2\lib\x64;C:\Program Files\NVIDIA Corporation\Nsight Compute 2024.3.0\;C:\Program Files\Microsoft Visual Studio\2022\Community\VC\Tools\MSVC\14.40.33807\bin\Hostx64\x64;C:\Program Files (x86)\Intel\oneAPI\advisor\2024.2\bin641;C:\fftw-3.3.5-dll64;;C:\Program Files\Docker\Docker\resources\bin;C:\Users\Lenovo\AppData\Local\Microsoft\WindowsApps;C:\Users\Lenovo\AppData\Local\Programs\Microsoft VS Code\bin;C:\Users\Lenovo\AppData\Local\Microsoft\WinGet\Packages\Schniz.fnm_Microsoft.Winget.Source_8wekyb3d8bbwe;C:\Users\Lenovo\AppData\Local\Microsoft\WinGet\Packages\Gyan.FFmpeg.Essentials_Microsoft.Winget.Source_8wekyb3d8bbwe\ffmpeg-7.0.2-essentials_build\bin
532 [22824] INFO perfrun.launcher <> - set environment variable: COR_ENABLE_PROFILING = 1
533 [22824] INFO perfrun.launcher <> - set environment variable: COR_PROFILER = {AA5E4821-E3B1-479c-B7FF-5AD047D22CED}
533 [22824] INFO perfrun.launcher <> - set environment variable: COMPLUS_ProfAPI_ProfilerCompatibilitySetting = EnableV2Profiler
533 [22824] INFO perfrun.launcher <> - set environment variable: CORECLR_ENABLE_PROFILING = 1
533 [22824] INFO perfrun.launcher <> - set environment variable: CORECLR_PROFILER = {AA5E4821-E3B1-479c-B7FF-5AD047D22CED}
533 [22824] INFO perfrun.launcher <> - set environment variable: CORECLR_PROFILER_PATH = C:\Program Files (x86)\Intel\oneAPI\vtune\2024.2\bin64/amplxe_samplingmrte_clrprof_1.0.dll
534 [22824] INFO perfrun.launcher <> - set environment variable: INTEL_MRTE_PROFILER_MODE = mixed
534 [22824] INFO perfrun.launcher <> - set environment variable: NEOReadDebugKeys = 1
534 [22824] INFO perfrun.launcher <> - set environment variable: NEOReadDebugKeys = 1
534 [22824] INFO perfrun.launcher <> - RpcServer: run RPC server to handle requests
544 [22824] INFO perfrun.sdk <> - IProcessUtil: the given executable 'D:\Project\boltzmann-cuda\Debug\boltzmann-cuda.exe' is valid.
544 [22824] INFO perfrun.launcher <> - Launcher: command line to start before modification = D:\Project\boltzmann-cuda\Debug\boltzmann-cuda.exe
549 [22824] INFO perfrun.launcher <> - Launcher: command line to start after modification = C:\Program Files (x86)\Intel\oneAPI\vtune\2024.2\bin64\pin.exe -error_file D:\Project\boltzmann-cuda\Intel® VTune™ Profiler Results\boltzmann-cuda\r005gh\data.0\pinerr.tpsslog -detach_reattach -probe -follow_execv -p32 C:\Program Files (x86)\Intel\oneAPI\vtune\2024.2\bin32\pin.exe -p64 C:\Program Files (x86)\Intel\oneAPI\vtune\2024.2\bin64\pin.exe -t64 C:\Program Files (x86)\Intel\oneAPI\vtune\2024.2\bin64\tpsstool.dll -t C:\Program Files (x86)\Intel\oneAPI\vtune\2024.2\bin32\tpsstool.dll -server_name tpss_ipc.2236 -prd_dir C:\Program Files (x86)\Intel\oneAPI\vtune\2024.2 -- D:\Project\boltzmann-cuda\Debug\boltzmann-cuda.exe
550 [22824] INFO perfrun.launcher <> - ProcessCreator object was created
555 [22824] INFO perfrun.launcher <> - Launcher: the process was started in suspend mode
562 [23600] INFO perfrun.itt <> - start itt controller for pid #10476
571 [23600] INFO perfrun.sdk <> - Allocating TMU :D:\Project\boltzmann-cuda\Intel® VTune™ Profiler Results\boltzmann-cuda\r005gh\data.0\gen_metrics0_0_2_0_0.0.cfg
571 [23600] INFO perfrun.sdk <> - De-allocating TMU: D:\Project\boltzmann-cuda\Intel® VTune™ Profiler Results\boltzmann-cuda\r005gh\data.0\gen_metrics0_0_2_0_0.0.cfg
595 [23600] INFO perfrun.gpu <> - Creating main data processing loop
596 [23332] INFO perfrun.sdk <> - Allocating TMU :D:\Project\boltzmann-cuda\Intel® VTune™ Profiler Results\boltzmann-cuda\r005gh\data.0\gen_metrics0_0_2_0_0.0.vtss
597 [23332] INFO perfrun.gpu <> - IO stream opening, timer period: 1000000, buffer size: 0 subDevice 0 tile 0
597 [23600] INFO perfrun.etw <> - Trace session was captured
599 [23332] INFO perfrun.gpu <> - IO stream opened, timer period: 853333, buffer size: 16777216
606 [23600] INFO perfrun.etw <> - append event trace log: C:\Users\Lenovo\AppData\Local\Temp\amplxe-tmp-Lenovo\perfrun1_etw_703836227911.etl
606 [23600] INFO perfrun.etw <> - is event consumer initialized: 0
606 [23600] INFO perfrun.etw <> - Trace session was captured
625 [20636] INFO perfrun.sdk <> - Allocating TMU :D:\Project\boltzmann-cuda\Intel® VTune™ Profiler Results\boltzmann-cuda\r005gh\data.0\gdata.0.edx
1972 [23600] INFO perfrun.etw <> - append event trace log: PERFRUN_DXETW_TRACE_SESSION
1972 [23600] INFO perfrun.etw <> - is event consumer initialized: 1
1972 [23600] INFO perfrun.sdk <> - runCmd: "C:\Program Files (x86)\Intel\oneAPI\vtune\2024.2\bin64\sep.exe" -start -experimental -uem timer=10 -em factor=5 -p-state trigger=CPU_CLK_UNHALTED.REF_TSC -out "D:\Project\boltzmann-cuda\Intel® VTune™ Profiler Results\boltzmann-cuda\r005gh\data.0\sep5c30.20240816T045146.612006" -ec INST_RETIRED.ANY:sample:sa=2688000,CPU_CLK_UNHALTED.THREAD:sa=2688000,CPU_CLK_UNHALTED.REF_TSC:sample:sa=2688000,CPU_CLK_UNHALTED.DISTRIBUTED:sa=2688000, -d 0 -uem factor=10
1986 [23600] INFO perfrun.sdk <> - runCmd started PID 15276
2999 [23600] INFO perfrun.tpss <> - start tpss controller for pid #10476
3060 [22824] INFO perfrun.launcher <> - Launcher: all plugins were started
3060 [22824] INFO perfrun.launcher <> - DirectoryMonitor object was created
3061 [22824] INFO perfrun.launcher <> - DirectoryMonitor: a callback was added
3061 [22824] INFO perfrun.launcher <> - DirectoryMonitor was started with pingTime = 1000
3062 [22824] INFO perfrun.launcher <> - DeadlineTimer is going to be constructed
3062 [22824] INFO perfrun.launcher <> - DeadlineTimer: a callback was added
3086 [22824] INFO perfrun.launcher <> - Launcher: resume the profiled application and  wait its termination or stop command
9086 [22824] INFO perfrun.launcher <> - Launcher: the profiled application was terminated  with exit code = 0
9093 [23600] INFO perfrun.itt <> - detach itt controller
9093 [23600] INFO perfrun.itt <> - detach itt controller done
9093 [23600] INFO perfrun.gpu <> - Waiting for data collection thread to finish
9182 [23332] INFO perfrun.sdk <> - De-allocating TMU: D:\Project\boltzmann-cuda\Intel® VTune™ Profiler Results\boltzmann-cuda\r005gh\data.0\gen_metrics0_0_2_0_0.0.vtss
9203 [23332] INFO perfrun.gpu <> - Data collection routine finished
9208 [23600] INFO perfrun.gpu <> - Data collection thread finished, shutting down the session
9211 [23600] INFO perfrun.etw <> - is event consumer initialized: 1
9233 [23600] INFO perfrun.sdk <> - De-allocating TMU: D:\Project\boltzmann-cuda\Intel® VTune™ Profiler Results\boltzmann-cuda\r005gh\data.0\gdata.0.edx
9257 [23600] INFO perfrun.sdk <> - runCmd: "C:\Program Files (x86)\Intel\oneAPI\vtune\2024.2\bin64\sep.exe" -stop
9264 [23600] INFO perfrun.sdk <> - runCmd started PID 8204
10167 [23600] INFO perfrun.sepdk <> - Sampling successfully stopped.

10168 [23600] INFO perfrun.sepdk <> - Waiting for main SEP process (15276) to finish...
10171 [23600] INFO perfrun.sepdk <> - Main SEP process finished
10172 [23600] INFO perfrun.tpss <> - stop tpss controller
10175 [23600] INFO perfrun.sdk <> - De-allocating TMU: D:\Project\boltzmann-cuda\Intel® VTune™ Profiler Results\boltzmann-cuda\r005gh\data.0\systemcollector-2236-DESKTOP-K8ALCKG.sc
10193 [23600] INFO perfrun.system <> - closed the system trace file: D:\Project\boltzmann-cuda\Intel® VTune™ Profiler Results\boltzmann-cuda\r005gh\data.0\systemcollector-2236-DESKTOP-K8ALCKG.sc
10194 [22824] INFO perfrun.launcher <> - Launcher: all plugins were stopped.
10194 [22824] INFO perfrun.launcher <> - DeadlineTimer is going to be destroyed
10194 [22824] INFO perfrun.launcher <> - DeadlineTimer was destroyed
10195 [22824] INFO perfrun.launcher <> - DirectoryMonitor object was destroyed
10195 [22824] WARN perfrun.launcher <> - Stop command is ignored because it is received when collection is already stopped, at file: vcs\perfrun1\launcher\src\command_handler.cpp:226
10197 [22824] INFO perfrun.launcher <> - Application exit code: 0
10197 [22824] INFO perfrun.launcher <> - Exit code: 0
