1 [140458743556992] INFO perfrun.launcher <> - Launcher main begin
1 [140458743556992] INFO perfrun.launcher <> - MessageCatalogInit finished
1 [140458743556992] INFO perfrun.launcher <> - Launcher instance created
1 [140458743556992] INFO perfrun.launcher <> - argc = 7; cmdline = /opt/intel/oneapi/vtune/2024.1/bin64/amplxe-runss --ui-output-format xml --ui-output-fd 5 --option-file /home/hpcap/sooraj/project/report/config/runss.options 
49 [140458743556992] INFO perfrun.launcher <> - create msngr2::ICliToolContext
49 [140458743556992] INFO perfrun.launcher <> - create file finder object
49 [140458743556992] INFO perfrun.launcher <> - create a result directory: pattern = /home/hpcap/sooraj/project/report pid = 4294967295
50 [140458743556992] INFO perfrun.sdk <> - checked that the directory /home/hpcap/sooraj/project/report is a local directory
50 [140458743556992] INFO perfrun.sdk <> - the directory /home/hpcap/sooraj/project/report is a local directory with FS type ID 61267
50 [140458743556992] INFO perfrun.launcher <> - create data directory = /home/hpcap/sooraj/project/report/data.0
50 [140458743556992] INFO perfrun.launcher <> - Creating the master collection flag
86 [140458743556992] INFO perfrun.launcher <> - Done creating the master collection flag
90 [140458588104384] INFO perfrun.launcher <> - plugin [remoteplug] was disabled because it doesn't support the given collection type.
91 [140458588104384] INFO perfrun.sdk <> - Allocating TMU :/home/hpcap/sooraj/project/report/data.0/systemcollector-136384-hpcsap-DIT400TR-55L.sc
91 [140458588104384] INFO perfrun.system <> - Tpss based collection
91 [140458588104384] INFO perfrun.launcher <> - plugin [ptracecollector] was disabled because it doesn't support the given collection type.
91 [140458588104384] INFO perfrun.launcher <> - plugin [gpu] was disabled because it doesn't support the given collection type.
91 [140458588104384] INFO perfrun.launcher <> - plugin [] was disabled because it doesn't support the given collection type.
91 [140458588104384] INFO perfrun.launcher <> - plugin [] was disabled because it doesn't support the given collection type.
91 [140458588104384] INFO perfrun.launcher <> - plugin [] was disabled because it doesn't support the given collection type.
91 [140458588104384] INFO perfrun.mrte <> - system-wide mode is 0
91 [140458588104384] INFO perfrun.mrte <> - Getting  mrte profiling environment ...
109 [140458588104384] INFO perfrun.mrte <> - INTEL_MRTE_DATA_DIR=/home/hpcap/sooraj/project/report/data.0
109 [140458588104384] INFO perfrun.mrte <> - INTEL_MRTE_HOST_NAME=hpcsap-DIT400TR-55L
109 [140458588104384] INFO perfrun.mrte <> - JAVA_TOOL_OPTIONS=-agentlib:amplxe_tpssmrte_javaprof_1.0 -Dsun.boot.library.path=/opt/intel/oneapi/vtune/2024.1/lib32/runtime:/opt/intel/oneapi/vtune/2024.1/lib64/runtime
109 [140458588104384] INFO perfrun.mrte <> - LD_LIBRARY_PATH=/opt/intel/oneapi/vtune/2024.1/lib32/runtime:/opt/intel/oneapi/vtune/2024.1/lib64/runtime:/opt/intel/oneapi/tbb/2021.12/env/../lib/intel64/gcc4.8:/opt/intel/oneapi/rkcommon/1.13/lib:/opt/intel/oneapi/ospray_studio/1.0/lib:/opt/intel/oneapi/ospray/3.1/lib:/opt/intel/oneapi/openvkl/2.0/lib:/opt/intel/oneapi/openpgl/0.6/lib:/opt/intel/oneapi/oidn/2.2/lib:/opt/intel/oneapi/mpi/2021.12/opt/mpi/libfabric/lib:/opt/intel/oneapi/mpi/2021.12/lib:/opt/intel/oneapi/mkl/2024.1/lib:/opt/intel/oneapi/ispc/1.23/lib:/opt/intel/oneapi/ippcp/2021.11/lib/:/opt/intel/oneapi/ipp/2021.11/lib:/opt/intel/oneapi/embree/4.3/lib:/opt/intel/oneapi/dpl/2022.5/lib:/opt/intel/oneapi/dnnl/2024.1/lib:/opt/intel/oneapi/debugger/2024.1/opt/debugger/lib:/opt/intel/oneapi/dal/2024.2/lib:/opt/intel/oneapi/compiler/2024.1/opt/oclfpga/host/linux64/lib:/opt/intel/oneapi/compiler/2024.1/opt/compiler/lib:/opt/intel/oneapi/compiler/2024.1/lib:/opt/intel/oneapi/ccl/2021.12/lib/
109 [140458588104384] INFO perfrun.mrte <> - CORECLR_ENABLE_PROFILING=1
109 [140458588104384] INFO perfrun.mrte <> - CORECLR_PROFILER={AA5E4821-E3B1-479c-B7FF-5AD047D22CED}
109 [140458588104384] INFO perfrun.mrte <> - CORECLR_PROFILER_PATH=/opt/intel/oneapi/vtune/2024.1/lib64/libamplxe_samplingmrte_clrprof_1.0.so
109 [140458588104384] INFO perfrun.mrte <> - INTEL_MRTE_PROFILER_MODE=mixed
109 [140458588104384] INFO perfrun.mrte <> - Data directory: /home/hpcap/sooraj/project/report/data.0
109 [140458588104384] INFO perfrun.mrte <> - Mrte plugin is initialized
109 [140458588104384] INFO perfrun.launcher <> - plugin [emon] was disabled because it doesn't support the given collection type.
109 [140458588104384] INFO perfrun.launcher <> - plugin [cuscol] was disabled because it doesn't support the given collection type.
109 [140458588104384] INFO perfrun.launcher <> - plugin [stdsrc] was disabled because it doesn't support the given collection type.
109 [140458588104384] INFO perfrun.launcher <> - plugin [sep] was disabled because it doesn't support the given collection type.
109 [140458588104384] INFO perfrun.launcher <> - plugin [vtsspp] was disabled because it doesn't support the given collection type.
109 [140458588104384] INFO perfrun.launcher <> - plugin [perf] was disabled because it doesn't support the given collection type.
109 [140458588104384] INFO perfrun.launcher <> - plugin [aoclprofile] was disabled because it doesn't support the given collection type.
109 [140458588104384] INFO perfrun.tpss <> - initialize tpss controller
109 [140458588104384] INFO perfrun.tpss <> - configure collection mode: value = cpu:counters:nostack
109 [140458588104384] INFO perfrun.tpss <> - configure collection mode: value = cpu:stack
109 [140458588104384] INFO perfrun.tpss <> - default obj-size-min=1024
109 [140458588104384] INFO perfrun.tpss <> - default hash-table-size=0
109 [140458588104384] INFO perfrun.launcher <> - plugin [media] was disabled because it doesn't support the given collection type.
109 [140458588104384] INFO perfrun.launcher <> - plugin [] was disabled because it doesn't support the given collection type.
109 [140458588104384] INFO perfrun.launcher <> - plugin [] was disabled because it doesn't support the given collection type.
109 [140458588104384] INFO perfrun.launcher <> - plugin [parallelfs] was disabled because it doesn't support the given collection type.
109 [140458588104384] INFO perfrun.launcher <> - plugin [power] was disabled because it doesn't support the given collection type.
109 [140458588104384] INFO perfrun.launcher <> - plugin [] was disabled because it doesn't support the given collection type.
109 [140458588104384] INFO perfrun.launcher <> - plugin [ipmwatch] was disabled because it doesn't support the given collection type.
109 [140458588104384] INFO perfrun.launcher <> - plugin [os_counters] was disabled because it doesn't support the given collection type.
109 [140458588104384] INFO perfrun.launcher <> - plugin [l0_metrics] was disabled because it doesn't support the given collection type.
110 [140458743556992] INFO perfrun.launcher <> - set environment variable: LD_LIBRARY_PATH = /opt/intel/oneapi/vtune/2024.1/lib32/runtime:/opt/intel/oneapi/vtune/2024.1/lib64/runtime:/opt/intel/oneapi/tbb/2021.12/env/../lib/intel64/gcc4.8:/opt/intel/oneapi/rkcommon/1.13/lib:/opt/intel/oneapi/ospray_studio/1.0/lib:/opt/intel/oneapi/ospray/3.1/lib:/opt/intel/oneapi/openvkl/2.0/lib:/opt/intel/oneapi/openpgl/0.6/lib:/opt/intel/oneapi/oidn/2.2/lib:/opt/intel/oneapi/mpi/2021.12/opt/mpi/libfabric/lib:/opt/intel/oneapi/mpi/2021.12/lib:/opt/intel/oneapi/mkl/2024.1/lib:/opt/intel/oneapi/ispc/1.23/lib:/opt/intel/oneapi/ippcp/2021.11/lib/:/opt/intel/oneapi/ipp/2021.11/lib:/opt/intel/oneapi/embree/4.3/lib:/opt/intel/oneapi/dpl/2022.5/lib:/opt/intel/oneapi/dnnl/2024.1/lib:/opt/intel/oneapi/debugger/2024.1/opt/debugger/lib:/opt/intel/oneapi/dal/2024.2/lib:/opt/intel/oneapi/compiler/2024.1/opt/oclfpga/host/linux64/lib:/opt/intel/oneapi/compiler/2024.1/opt/compiler/lib:/opt/intel/oneapi/compiler/2024.1/lib:/opt/intel/oneapi/ccl/2021.12/lib/
110 [140458743556992] INFO perfrun.launcher <> - set environment variable: INTEL_LIBITTNOTIFY32 = /opt/intel/oneapi/vtune/2024.1/lib32/runtime/libittnotify_collector.so
110 [140458743556992] INFO perfrun.launcher <> - set environment variable: INTEL_LIBITTNOTIFY64 = /opt/intel/oneapi/vtune/2024.1/lib64/runtime/libittnotify_collector.so
110 [140458743556992] INFO perfrun.launcher <> - set environment variable: INTEL_ITTNOTIFY_GROUPS = 
110 [140458743556992] INFO perfrun.launcher <> - set environment variable: INTEL_JIT_PROFILER32 = /opt/intel/oneapi/vtune/2024.1/lib32/runtime/libittnotify_collector.so
110 [140458743556992] INFO perfrun.launcher <> - set environment variable: INTEL_JIT_PROFILER64 = /opt/intel/oneapi/vtune/2024.1/lib64/runtime/libittnotify_collector.so
110 [140458743556992] INFO perfrun.launcher <> - set environment variable: ENABLE_JITPROFILING = 1
110 [140458743556992] INFO perfrun.launcher <> - set environment variable: CL_CONFIG_USE_VTUNE = True
110 [140458743556992] INFO perfrun.launcher <> - set environment variable: KMP_FORKJOIN_FRAMES = 0
110 [140458743556992] INFO perfrun.launcher <> - set environment variable: KMP_FORKJOIN_FRAMES_MODE = 0
110 [140458743556992] INFO perfrun.launcher <> - set environment variable: INTEL_MRTE_DATA_DIR = /home/hpcap/sooraj/project/report/data.0
110 [140458743556992] INFO perfrun.launcher <> - set environment variable: INTEL_MRTE_HOST_NAME = hpcsap-DIT400TR-55L
110 [140458743556992] INFO perfrun.launcher <> - set environment variable: JAVA_TOOL_OPTIONS = -agentlib:amplxe_tpssmrte_javaprof_1.0 -Dsun.boot.library.path=/opt/intel/oneapi/vtune/2024.1/lib32/runtime:/opt/intel/oneapi/vtune/2024.1/lib64/runtime
110 [140458743556992] INFO perfrun.launcher <> - set environment variable: LD_LIBRARY_PATH = /opt/intel/oneapi/vtune/2024.1/lib32/runtime:/opt/intel/oneapi/vtune/2024.1/lib64/runtime:/opt/intel/oneapi/tbb/2021.12/env/../lib/intel64/gcc4.8:/opt/intel/oneapi/rkcommon/1.13/lib:/opt/intel/oneapi/ospray_studio/1.0/lib:/opt/intel/oneapi/ospray/3.1/lib:/opt/intel/oneapi/openvkl/2.0/lib:/opt/intel/oneapi/openpgl/0.6/lib:/opt/intel/oneapi/oidn/2.2/lib:/opt/intel/oneapi/mpi/2021.12/opt/mpi/libfabric/lib:/opt/intel/oneapi/mpi/2021.12/lib:/opt/intel/oneapi/mkl/2024.1/lib:/opt/intel/oneapi/ispc/1.23/lib:/opt/intel/oneapi/ippcp/2021.11/lib/:/opt/intel/oneapi/ipp/2021.11/lib:/opt/intel/oneapi/embree/4.3/lib:/opt/intel/oneapi/dpl/2022.5/lib:/opt/intel/oneapi/dnnl/2024.1/lib:/opt/intel/oneapi/debugger/2024.1/opt/debugger/lib:/opt/intel/oneapi/dal/2024.2/lib:/opt/intel/oneapi/compiler/2024.1/opt/oclfpga/host/linux64/lib:/opt/intel/oneapi/compiler/2024.1/opt/compiler/lib:/opt/intel/oneapi/compiler/2024.1/lib:/opt/intel/oneapi/ccl/2021.12/lib/
110 [140458743556992] INFO perfrun.launcher <> - set environment variable: CORECLR_ENABLE_PROFILING = 1
111 [140458743556992] INFO perfrun.launcher <> - set environment variable: CORECLR_PROFILER = {AA5E4821-E3B1-479c-B7FF-5AD047D22CED}
111 [140458743556992] INFO perfrun.launcher <> - set environment variable: CORECLR_PROFILER_PATH = /opt/intel/oneapi/vtune/2024.1/lib64/libamplxe_samplingmrte_clrprof_1.0.so
111 [140458743556992] INFO perfrun.launcher <> - set environment variable: INTEL_MRTE_PROFILER_MODE = mixed
111 [140458743556992] INFO perfrun.launcher <> - RpcServer: run RPC server to handle requests
111 [140458743556992] INFO perfrun.launcher <> - Launcher: command line to start before modification = ./a.out
111 [140458743556992] INFO perfrun.launcher <> - Launcher: command line to start after modification = /opt/intel/oneapi/vtune/2024.1/bin64/pin -error_file /home/hpcap/sooraj/project/report/data.0/pinerr.tpsslog -detach_reattach -follow_execv -tool_load_option deepbind -t64 /opt/intel/oneapi/vtune/2024.1/lib64/libtpsstool.so -t /opt/intel/oneapi/vtune/2024.1/lib32/libtpsstool.so -server_name tpss_ipc.136384 -prd_dir /opt/intel/oneapi/vtune/2024.1 -- ./a.out
111 [140458743556992] INFO perfrun.launcher <> - ProcessCreator object was created
113 [140458743556992] INFO perfrun.launcher <> - Launcher: the process was started in suspend mode
115 [140458588104384] WARN perfrun.system <> - Could not do anything with /sys/kernel/debug/kvm: boost::filesystem::status: Permission denied [system:13]: "/sys/kernel/debug/kvm", at file: vcs/perfrun1/plugins/system/src/trace_writer.cpp:787
115 [140458588104384] WARN perfrun.system <> - Folder "/var/run/libvirt/qemu/"doesn't exist, at file: vcs/perfrun1/plugins/system/src/trace_writer.cpp:800
117 [140458588104384] INFO perfrun.sdk <> - runCmd: /opt/intel/oneapi/vtune/2024.1/bin64/sep -platform-info
117 [140458588104384] INFO perfrun.sdk <> - runCmd started PID 136390
135 [140458588104384] WARN perfrun.sdk <> - SEP driver is not available, at file: vcs/perfrun1/plugins/pluginsdk/src/device_mapper.cpp:946
135 [140458588104384] INFO perfrun.sdk <> - runCmd: /opt/intel/oneapi/vtune/2024.1/bin64/amplxe-perf stat --iostat=list
135 [140458588104384] INFO perfrun.sdk <> - runCmd started PID 136391
402 [140458588104384] INFO perfrun.sdk <> - UPI platform topology is not supported on this platform via perf
402 [140458588104384] INFO perfrun.sdk <> - Mapped device: XG6 NVMe SSD Controller 0000:01:00.0
402 [140458588104384] INFO perfrun.sdk <> - Mapped device: AST1150 PCI-to-PCI Bridge 0000:02:00.0
402 [140458588104384] INFO perfrun.sdk <> - Mapped device: ASPEED Graphics Family 0000:03:00.0
402 [140458588104384] INFO perfrun.sdk <> - Mapped device: ASM1042 SuperSpeed USB Host Controller 0000:17:00.0
402 [140458588104384] INFO perfrun.sdk <> - Mapped device: I350 Gigabit Network Connection 0000:18:00.0
403 [140458588104384] INFO perfrun.sdk <> - Mapped device: I350 Gigabit Network Connection 0000:18:00.1
403 [140458588104384] INFO perfrun.sdk <> - Mapped device: Lexa XT [Radeon PRO WX 2100] 0000:65:00.0
403 [140458588104384] INFO perfrun.sdk <> - Mapped device: Baffin HDMI/DP Audio [Radeon RX 550 640SP / RX 560/560X] 0000:65:00.1
411 [140458588104384] INFO perfrun.sdk <> - runCmd: /opt/intel/oneapi/vtune/2024.1/bin64/sep -platform-info
412 [140458588104384] INFO perfrun.sdk <> - runCmd started PID 136392
431 [140458588104384] WARN perfrun.sdk <> - SEP driver is not available, at file: vcs/perfrun1/plugins/pluginsdk/src/device_mapper.cpp:946
431 [140458588104384] INFO perfrun.sdk <> - runCmd: /opt/intel/oneapi/vtune/2024.1/bin64/amplxe-perf stat --iostat=list
432 [140458588104384] INFO perfrun.sdk <> - runCmd started PID 136393
727 [140458588104384] INFO perfrun.sdk <> - UPI platform topology is not supported on this platform via perf
727 [140458588104384] WARN perfrun.sdk <> - Failed to find xl binary on any of the system paths: /bin, /sbin, /usr/bin, /usr/sbin., at file: vcs/perfrun1/sdk/src/utils.cpp:204
727 [140458588104384] WARN perfrun.system <> - Could not start ContainerMapping collector, at file: vcs/perfrun1/plugins/system/src/controller.cpp:448
831 [140458588104384] INFO perfrun.vdso <> - Helper runtool '/opt/intel/oneapi/vtune/2024.1/bin32/amplxe-runss -dump-vdso -r /home/hpcap/sooraj/project/report --tmp-dir /tmp/amplxe-tmp-hpcap' returned 0
932 [140458588104384] INFO perfrun.vdso <> - Helper runtool '/opt/intel/oneapi/vtune/2024.1/bin64/amplxe-runss -dump-vdso -r /home/hpcap/sooraj/project/report --tmp-dir /tmp/amplxe-tmp-hpcap' returned 0
933 [140458588104384] INFO perfrun.itt <> - start itt controller for pid #136389
933 [140458588104384] INFO perfrun.tpss <> - start tpss controller for pid #136389
984 [140458743556992] INFO perfrun.launcher <> - Launcher: all plugins were started
984 [140458743556992] INFO perfrun.launcher <> - DirectoryMonitor object was created
984 [140458743556992] INFO perfrun.launcher <> - DirectoryMonitor: a callback was added
984 [140458743556992] INFO perfrun.launcher <> - DirectoryMonitor was started with pingTime = 1000
984 [140458743556992] INFO perfrun.launcher <> - DeadlineTimer is going to be constructed
984 [140458743556992] INFO perfrun.launcher <> - DeadlineTimer: a callback was added
1046 [140458743556992] INFO perfrun.launcher <> - Launcher: resume the profiled application and  wait its termination or stop command
60614 [140458743556992] INFO perfrun.launcher <> - Launcher: the profiled application was terminated  with exit code = 0
60622 [140458588104384] INFO perfrun.itt <> - detach itt controller
60622 [140458588104384] INFO perfrun.itt <> - detach itt controller done
60622 [140458588104384] INFO perfrun.tpss <> - stop tpss controller
60623 [140458588104384] INFO perfrun.sdk <> - De-allocating TMU: /home/hpcap/sooraj/project/report/data.0/systemcollector-136384-hpcsap-DIT400TR-55L.sc
60623 [140458588104384] INFO perfrun.system <> - closed the system trace file: /home/hpcap/sooraj/project/report/data.0/systemcollector-136384-hpcsap-DIT400TR-55L.sc
60623 [140458743556992] INFO perfrun.launcher <> - Launcher: all plugins were stopped.
60623 [140458743556992] INFO perfrun.launcher <> - DeadlineTimer is going to be destroyed
60623 [140458743556992] INFO perfrun.launcher <> - DeadlineTimer was destroyed
60623 [140458743556992] INFO perfrun.launcher <> - DirectoryMonitor object was destroyed
60623 [140458743556992] WARN perfrun.launcher <> - Stop command is ignored because it is received when collection is already stopped, at file: vcs/perfrun1/launcher/src/command_handler.cpp:226
60624 [140458743556992] INFO perfrun.launcher <> - Application exit code: 0
60624 [140458743556992] INFO perfrun.launcher <> - Exit code: 0
