5 [140155390547776] INFO perfrun.launcher <> - Launcher main begin
6 [140155390547776] INFO perfrun.launcher <> - MessageCatalogInit finished
7 [140155390547776] INFO perfrun.launcher <> - Launcher instance created
7 [140155390547776] INFO perfrun.launcher <> - argc = 6; cmdline = /opt/intel/oneapi/vtune/2024.2/bin64/amplxe-runss -dump-vdso -r /tmp/amplxe-tmp-hunter/amplxe-res-3743-10050878807297 --tmp-dir /tmp/amplxe-tmp-hunter 
44 [140155390547776] INFO perfrun.perfcollector <> - SEP tool path: /opt/intel/oneapi/vtune/2024.2/bin64/sep
66 [140155390547776] INFO perfrun.launcher <> - create msngr2::ICliToolContext
67 [140155390547776] INFO perfrun.launcher <> - create file finder object
68 [140155268036352] INFO perfrun.launcher <> - plugin [remoteplug] was disabled because it doesn't support the given collection type.
68 [140155268036352] INFO perfrun.launcher <> - plugin [system] was disabled because it doesn't support the given collection type.
69 [140155268036352] INFO perfrun.vdso <> - dumping [vdso] pseudomodule
71 [140155268036352] INFO perfrun.launcher <> - plugin [itt] was disabled because it doesn't support the given collection type.
72 [140155268036352] INFO perfrun.launcher <> - plugin [ptracecollector] was disabled because it doesn't support the given collection type.
72 [140155268036352] INFO perfrun.launcher <> - plugin [gpu] was disabled because it doesn't support the given collection type.
72 [140155268036352] INFO perfrun.launcher <> - plugin [] was disabled because it doesn't support the given collection type.
72 [140155268036352] INFO perfrun.launcher <> - plugin [] was disabled because it doesn't support the given collection type.
73 [140155268036352] INFO perfrun.launcher <> - plugin [] was disabled because it doesn't support the given collection type.
73 [140155268036352] INFO perfrun.launcher <> - plugin [mrte] was disabled because it doesn't support the given collection type.
73 [140155268036352] INFO perfrun.launcher <> - plugin [emon] was disabled because it doesn't support the given collection type.
73 [140155268036352] INFO perfrun.launcher <> - plugin [cuscol] was disabled because it doesn't support the given collection type.
73 [140155268036352] INFO perfrun.launcher <> - plugin [stdsrc] was disabled because it doesn't support the given collection type.
73 [140155268036352] INFO perfrun.launcher <> - plugin [sep] was disabled because it doesn't support the given collection type.
74 [140155268036352] INFO perfrun.launcher <> - plugin [vtsspp] was disabled because it doesn't support the given collection type.
74 [140155268036352] INFO perfrun.launcher <> - plugin [perf] was disabled because it doesn't support the given collection type.
74 [140155268036352] INFO perfrun.launcher <> - plugin [aoclprofile] was disabled because it doesn't support the given collection type.
74 [140155268036352] INFO perfrun.launcher <> - plugin [tpss] was disabled because it doesn't support the given collection type.
74 [140155268036352] INFO perfrun.launcher <> - plugin [media] was disabled because it doesn't support the given collection type.
74 [140155268036352] INFO perfrun.launcher <> - plugin [] was disabled because it doesn't support the given collection type.
75 [140155268036352] INFO perfrun.launcher <> - plugin [] was disabled because it doesn't support the given collection type.
75 [140155268036352] INFO perfrun.launcher <> - plugin [parallelfs] was disabled because it doesn't support the given collection type.
75 [140155268036352] INFO perfrun.launcher <> - plugin [power] was disabled because it doesn't support the given collection type.
75 [140155268036352] INFO perfrun.launcher <> - plugin [] was disabled because it doesn't support the given collection type.
75 [140155268036352] INFO perfrun.launcher <> - plugin [ipmwatch] was disabled because it doesn't support the given collection type.
76 [140155268036352] INFO perfrun.launcher <> - plugin [os_counters] was disabled because it doesn't support the given collection type.
76 [140155268036352] INFO perfrun.launcher <> - plugin [l0_metrics] was disabled because it doesn't support the given collection type.
76 [140155390547776] INFO perfrun.launcher <> - Application exit code: 0
76 [140155390547776] INFO perfrun.launcher <> - Exit code: 0
