1 [140453483832896] INFO perfrun.launcher <> - Launcher main begin
3 [140453483832896] INFO perfrun.launcher <> - MessageCatalogInit finished
3 [140453483832896] INFO perfrun.launcher <> - Launcher instance created
3 [140453483832896] INFO perfrun.launcher <> - argc = 7; cmdline = /home/dhpcsap/spack/opt/spack/linux-ubuntu22.10-cascadelake/gcc-12.2.0/intel-oneapi-advisor-2024.2.0-t3xpfxqp44zljmskludh5eixagltravz/advisor/2024.2/bin64/advixe-runss --ui-output-format xml --ui-output-fd 6 --option-file /home/dhpcsap/Desktop/project/boltzmann-optimized/advisor_report/e000/hs000/config/runss.options 
48 [140453483832896] INFO perfrun.launcher <> - create msngr2::ICliToolContext
49 [140453483832896] INFO perfrun.launcher <> - create file finder object
49 [140453483832896] INFO perfrun.launcher <> - create a result directory: pattern = /home/dhpcsap/Desktop/project/boltzmann-optimized/advisor_report/e000/hs000 pid = 4294967295
51 [140453483832896] INFO perfrun.sdk <> - checked that the directory /home/dhpcsap/Desktop/project/boltzmann-optimized/advisor_report/e000/hs000 is a local directory
51 [140453483832896] INFO perfrun.sdk <> - the directory /home/dhpcsap/Desktop/project/boltzmann-optimized/advisor_report/e000/hs000 is a local directory with FS type ID 61267
51 [140453483832896] INFO perfrun.launcher <> - create data directory = /home/dhpcsap/Desktop/project/boltzmann-optimized/advisor_report/e000/hs000/data.0
51 [140453483832896] INFO perfrun.launcher <> - Creating the master collection flag
108 [140453483832896] INFO perfrun.launcher <> - Done creating the master collection flag
115 [140453328447168] INFO perfrun.launcher <> - plugin [remoteplug] was disabled because it doesn't support the given collection type.
116 [140453328447168] INFO perfrun.sdk <> - Allocating TMU :/home/dhpcsap/Desktop/project/boltzmann-optimized/advisor_report/e000/hs000/data.0/systemcollector-2939466-hpcsap-DIT400TR-55L.sc
116 [140453328447168] INFO perfrun.launcher <> - plugin [] was disabled because it doesn't support the given collection type.
116 [140453328447168] INFO perfrun.launcher <> - plugin [gpu] was disabled because it doesn't support the given collection type.
116 [140453328447168] INFO perfrun.launcher <> - plugin [] was disabled because it doesn't support the given collection type.
117 [140453328447168] INFO perfrun.launcher <> - plugin [] was disabled because it doesn't support the given collection type.
117 [140453328447168] INFO perfrun.launcher <> - plugin [] was disabled because it doesn't support the given collection type.
117 [140453328447168] INFO perfrun.mrte <> - system-wide mode is 0
117 [140453328447168] INFO perfrun.mrte <> - Getting  mrte profiling environment ...
133 [140453328447168] INFO perfrun.mrte <> - INTEL_MRTE_DATA_DIR=/home/dhpcsap/Desktop/project/boltzmann-optimized/advisor_report/e000/hs000/data.0
133 [140453328447168] INFO perfrun.mrte <> - INTEL_MRTE_HOST_NAME=hpcsap-DIT400TR-55L
133 [140453328447168] INFO perfrun.mrte <> - JAVA_TOOL_OPTIONS=-agentlib:advixe_samplingmrte_javaprof_1.0 -Dsun.boot.library.path=/home/dhpcsap/spack/opt/spack/linux-ubuntu22.10-cascadelake/gcc-12.2.0/intel-oneapi-advisor-2024.2.0-t3xpfxqp44zljmskludh5eixagltravz/advisor/2024.2/lib32/runtime:/home/dhpcsap/spack/opt/spack/linux-ubuntu22.10-cascadelake/gcc-12.2.0/intel-oneapi-advisor-2024.2.0-t3xpfxqp44zljmskludh5eixagltravz/advisor/2024.2/lib64/runtime
133 [140453328447168] INFO perfrun.mrte <> - LD_LIBRARY_PATH=/home/dhpcsap/spack/opt/spack/linux-ubuntu22.10-cascadelake/gcc-12.2.0/intel-oneapi-advisor-2024.2.0-t3xpfxqp44zljmskludh5eixagltravz/advisor/2024.2/lib32/runtime:/home/dhpcsap/spack/opt/spack/linux-ubuntu22.10-cascadelake/gcc-12.2.0/intel-oneapi-advisor-2024.2.0-t3xpfxqp44zljmskludh5eixagltravz/advisor/2024.2/lib64/runtime
133 [140453328447168] INFO perfrun.mrte <> - Data directory: /home/dhpcsap/Desktop/project/boltzmann-optimized/advisor_report/e000/hs000/data.0
133 [140453328447168] INFO perfrun.mrte <> - Mrte plugin is initialized
133 [140453328447168] INFO perfrun.launcher <> - plugin [] was disabled because it doesn't support the given collection type.
133 [140453328447168] INFO perfrun.launcher <> - plugin [] was disabled because it doesn't support the given collection type.
133 [140453328447168] INFO perfrun.launcher <> - plugin [] was disabled because it doesn't support the given collection type.
134 [140453328447168] INFO perfrun.launcher <> - plugin [] was disabled because it doesn't support the given collection type.
134 [140453328447168] INFO perfrun.launcher <> - plugin [] was disabled because it doesn't support the given collection type.
134 [140453328447168] INFO perfrun.launcher <> - plugin [] was disabled because it doesn't support the given collection type.
134 [140453328447168] INFO perfrun.launcher <> - plugin [] was disabled because it doesn't support the given collection type.
134 [140453328447168] INFO perfrun.tpss <> - initialize tpss controller
134 [140453328447168] INFO perfrun.tpss <> - configure collection mode: value = cpu:stack
134 [140453328447168] INFO perfrun.tpss <> - default obj-size-min=1024
134 [140453328447168] INFO perfrun.tpss <> - default hash-table-size=0
134 [140453328447168] INFO perfrun.launcher <> - plugin [] was disabled because it doesn't support the given collection type.
134 [140453328447168] INFO perfrun.launcher <> - plugin [] was disabled because it doesn't support the given collection type.
134 [140453328447168] INFO perfrun.launcher <> - plugin [] was disabled because it doesn't support the given collection type.
134 [140453328447168] INFO perfrun.launcher <> - plugin [] was disabled because it doesn't support the given collection type.
134 [140453328447168] INFO perfrun.launcher <> - plugin [] was disabled because it doesn't support the given collection type.
134 [140453328447168] INFO perfrun.launcher <> - plugin [] was disabled because it doesn't support the given collection type.
134 [140453328447168] INFO perfrun.launcher <> - plugin [] was disabled because it doesn't support the given collection type.
134 [140453328447168] INFO perfrun.launcher <> - plugin [] was disabled because it doesn't support the given collection type.
134 [140453328447168] INFO perfrun.launcher <> - plugin [] was disabled because it doesn't support the given collection type.
134 [140453483832896] INFO perfrun.launcher <> - set environment variable: LD_LIBRARY_PATH = /home/dhpcsap/spack/opt/spack/linux-ubuntu22.10-cascadelake/gcc-12.2.0/intel-oneapi-advisor-2024.2.0-t3xpfxqp44zljmskludh5eixagltravz/advisor/2024.2/lib32/runtime:/home/dhpcsap/spack/opt/spack/linux-ubuntu22.10-cascadelake/gcc-12.2.0/intel-oneapi-advisor-2024.2.0-t3xpfxqp44zljmskludh5eixagltravz/advisor/2024.2/lib64/runtime
134 [140453483832896] INFO perfrun.launcher <> - set environment variable: INTEL_LIBITTNOTIFY32 = /home/dhpcsap/spack/opt/spack/linux-ubuntu22.10-cascadelake/gcc-12.2.0/intel-oneapi-advisor-2024.2.0-t3xpfxqp44zljmskludh5eixagltravz/advisor/2024.2/lib32/runtime/libittnotify_collector.so
134 [140453483832896] INFO perfrun.launcher <> - set environment variable: INTEL_LIBITTNOTIFY64 = /home/dhpcsap/spack/opt/spack/linux-ubuntu22.10-cascadelake/gcc-12.2.0/intel-oneapi-advisor-2024.2.0-t3xpfxqp44zljmskludh5eixagltravz/advisor/2024.2/lib64/runtime/libittnotify_collector.so
134 [140453483832896] INFO perfrun.launcher <> - set environment variable: INTEL_ITTNOTIFY_GROUPS = 
134 [140453483832896] INFO perfrun.launcher <> - set environment variable: INTEL_JIT_PROFILER32 = /home/dhpcsap/spack/opt/spack/linux-ubuntu22.10-cascadelake/gcc-12.2.0/intel-oneapi-advisor-2024.2.0-t3xpfxqp44zljmskludh5eixagltravz/advisor/2024.2/lib32/runtime/libittnotify_collector.so
134 [140453483832896] INFO perfrun.launcher <> - set environment variable: INTEL_JIT_PROFILER64 = /home/dhpcsap/spack/opt/spack/linux-ubuntu22.10-cascadelake/gcc-12.2.0/intel-oneapi-advisor-2024.2.0-t3xpfxqp44zljmskludh5eixagltravz/advisor/2024.2/lib64/runtime/libittnotify_collector.so
134 [140453483832896] INFO perfrun.launcher <> - set environment variable: ENABLE_JITPROFILING = 1
134 [140453483832896] INFO perfrun.launcher <> - set environment variable: CL_CONFIG_USE_VTUNE = True
135 [140453483832896] INFO perfrun.launcher <> - set environment variable: KMP_FORKJOIN_FRAMES = 0
135 [140453483832896] INFO perfrun.launcher <> - set environment variable: KMP_FORKJOIN_FRAMES_MODE = 0
135 [140453483832896] INFO perfrun.launcher <> - set environment variable: INTEL_MRTE_DATA_DIR = /home/dhpcsap/Desktop/project/boltzmann-optimized/advisor_report/e000/hs000/data.0
135 [140453483832896] INFO perfrun.launcher <> - set environment variable: INTEL_MRTE_HOST_NAME = hpcsap-DIT400TR-55L
135 [140453483832896] INFO perfrun.launcher <> - set environment variable: JAVA_TOOL_OPTIONS = -agentlib:advixe_samplingmrte_javaprof_1.0 -Dsun.boot.library.path=/home/dhpcsap/spack/opt/spack/linux-ubuntu22.10-cascadelake/gcc-12.2.0/intel-oneapi-advisor-2024.2.0-t3xpfxqp44zljmskludh5eixagltravz/advisor/2024.2/lib32/runtime:/home/dhpcsap/spack/opt/spack/linux-ubuntu22.10-cascadelake/gcc-12.2.0/intel-oneapi-advisor-2024.2.0-t3xpfxqp44zljmskludh5eixagltravz/advisor/2024.2/lib64/runtime
135 [140453483832896] INFO perfrun.launcher <> - set environment variable: LD_LIBRARY_PATH = /home/dhpcsap/spack/opt/spack/linux-ubuntu22.10-cascadelake/gcc-12.2.0/intel-oneapi-advisor-2024.2.0-t3xpfxqp44zljmskludh5eixagltravz/advisor/2024.2/lib32/runtime:/home/dhpcsap/spack/opt/spack/linux-ubuntu22.10-cascadelake/gcc-12.2.0/intel-oneapi-advisor-2024.2.0-t3xpfxqp44zljmskludh5eixagltravz/advisor/2024.2/lib64/runtime
135 [140453483832896] INFO perfrun.launcher <> - RpcServer: run RPC server to handle requests
140 [140453483832896] INFO perfrun.launcher <> - Launcher: command line to start before modification = ./boltzmann-optimized
140 [140453483832896] INFO perfrun.launcher <> - Launcher: command line to start after modification = /home/dhpcsap/spack/opt/spack/linux-ubuntu22.10-cascadelake/gcc-12.2.0/intel-oneapi-advisor-2024.2.0-t3xpfxqp44zljmskludh5eixagltravz/advisor/2024.2/bin64/pin -error_file /home/dhpcsap/Desktop/project/boltzmann-optimized/advisor_report/e000/hs000/data.0/pinerr.tpsslog -detach_reattach -follow_execv -tool_load_option deepbind -t64 /home/dhpcsap/spack/opt/spack/linux-ubuntu22.10-cascadelake/gcc-12.2.0/intel-oneapi-advisor-2024.2.0-t3xpfxqp44zljmskludh5eixagltravz/advisor/2024.2/lib64/libtpsstool.so -t /home/dhpcsap/spack/opt/spack/linux-ubuntu22.10-cascadelake/gcc-12.2.0/intel-oneapi-advisor-2024.2.0-t3xpfxqp44zljmskludh5eixagltravz/advisor/2024.2/lib32/libtpsstool.so -server_name tpss_ipc.2939466 -prd_dir /home/dhpcsap/spack/opt/spack/linux-ubuntu22.10-cascadelake/gcc-12.2.0/intel-oneapi-advisor-2024.2.0-t3xpfxqp44zljmskludh5eixagltravz/advisor/2024.2 -- ./boltzmann-optimized
140 [140453483832896] INFO perfrun.launcher <> - ProcessCreator object was created
141 [140453483832896] INFO perfrun.launcher <> - Launcher: the process was started in suspend mode
143 [140453328447168] WARN perfrun.system <> - Could not do anything with /sys/kernel/debug/kvm: boost::filesystem::status: Permission denied [system:13]: "/sys/kernel/debug/kvm", at file: vcs/perfrun1/plugins/system/src/trace_writer.cpp:787
143 [140453328447168] WARN perfrun.system <> - Folder "/var/run/libvirt/qemu/"doesn't exist, at file: vcs/perfrun1/plugins/system/src/trace_writer.cpp:800
144 [140453328447168] WARN perfrun.sdk <> - SEP tool is not available, at file: vcs/perfrun1/plugins/pluginsdk/src/device_mapper.cpp:778
144 [140453328447168] WARN perfrun.sdk <> - SEP driver is not available, at file: vcs/perfrun1/plugins/pluginsdk/src/device_mapper.cpp:946
144 [140453328447168] WARN perfrun.sdk <> - amplxe-perf tool is not available, at file: vcs/perfrun1/plugins/pluginsdk/src/device_mapper.cpp:795
144 [140453328447168] WARN perfrun.sdk <> - Device mapping through perf is not available on current kernel, at file: vcs/perfrun1/plugins/pluginsdk/src/device_mapper.cpp:1177
148 [140453328447168] WARN perfrun.sdk <> - SEP tool is not available, at file: vcs/perfrun1/plugins/pluginsdk/src/device_mapper.cpp:778
148 [140453328447168] WARN perfrun.sdk <> - SEP driver is not available, at file: vcs/perfrun1/plugins/pluginsdk/src/device_mapper.cpp:946
148 [140453328447168] WARN perfrun.sdk <> - amplxe-perf tool is not available, at file: vcs/perfrun1/plugins/pluginsdk/src/device_mapper.cpp:795
148 [140453328447168] WARN perfrun.sdk <> - Device mapping through perf is not available on current kernel, at file: vcs/perfrun1/plugins/pluginsdk/src/device_mapper.cpp:1177
148 [140453328447168] WARN perfrun.sdk <> - Failed to find xl binary on any of the system paths: /bin, /sbin, /usr/bin, /usr/sbin., at file: vcs/perfrun1/sdk/src/utils.cpp:204
162 [140453328447168] INFO perfrun.vdso <> - Helper runtool '/home/dhpcsap/spack/opt/spack/linux-ubuntu22.10-cascadelake/gcc-12.2.0/intel-oneapi-advisor-2024.2.0-t3xpfxqp44zljmskludh5eixagltravz/advisor/2024.2/bin32/advixe-runss -dump-vdso -r /home/dhpcsap/Desktop/project/boltzmann-optimized/advisor_report/e000/hs000 --tmp-dir /tmp/advixe-tmp-dhpcsap' returned 1
246 [140453328447168] INFO perfrun.vdso <> - Helper runtool '/home/dhpcsap/spack/opt/spack/linux-ubuntu22.10-cascadelake/gcc-12.2.0/intel-oneapi-advisor-2024.2.0-t3xpfxqp44zljmskludh5eixagltravz/advisor/2024.2/bin64/advixe-runss -dump-vdso -r /home/dhpcsap/Desktop/project/boltzmann-optimized/advisor_report/e000/hs000 --tmp-dir /tmp/advixe-tmp-dhpcsap' returned 0
246 [140453328447168] INFO perfrun.itt <> - start itt controller for pid #2939486
246 [140453328447168] INFO perfrun.tpss <> - start tpss controller for pid #2939486
297 [140453483832896] INFO perfrun.launcher <> - Launcher: all plugins were started
297 [140453483832896] INFO perfrun.launcher <> - DirectoryMonitor object was created
297 [140453483832896] INFO perfrun.launcher <> - DirectoryMonitor: a callback was added
297 [140453483832896] INFO perfrun.launcher <> - DirectoryMonitor was started with pingTime = 1000
297 [140453483832896] INFO perfrun.launcher <> - DeadlineTimer is going to be constructed
297 [140453483832896] INFO perfrun.launcher <> - DeadlineTimer: a callback was added
365 [140453483832896] INFO perfrun.launcher <> - Launcher: resume the profiled application and  wait its termination or stop command
58400 [140453483832896] INFO perfrun.launcher <> - Launcher: the profiled application was terminated  with exit code = 0
58410 [140453328447168] INFO perfrun.itt <> - detach itt controller
58410 [140453328447168] INFO perfrun.itt <> - detach itt controller done
58410 [140453328447168] INFO perfrun.tpss <> - stop tpss controller
58411 [140453328447168] INFO perfrun.sdk <> - De-allocating TMU: /home/dhpcsap/Desktop/project/boltzmann-optimized/advisor_report/e000/hs000/data.0/systemcollector-2939466-hpcsap-DIT400TR-55L.sc
58411 [140453328447168] INFO perfrun.system <> - closed the system trace file: /home/dhpcsap/Desktop/project/boltzmann-optimized/advisor_report/e000/hs000/data.0/systemcollector-2939466-hpcsap-DIT400TR-55L.sc
58411 [140453483832896] INFO perfrun.launcher <> - Launcher: all plugins were stopped.
58411 [140453483832896] INFO perfrun.launcher <> - DeadlineTimer is going to be destroyed
58411 [140453483832896] INFO perfrun.launcher <> - DeadlineTimer was destroyed
58411 [140453483832896] INFO perfrun.launcher <> - DirectoryMonitor object was destroyed
58412 [140453483832896] WARN perfrun.launcher <> - Stop command is ignored because it is received when collection is already stopped, at file: vcs/perfrun1/launcher/src/command_handler.cpp:226
58412 [140453483832896] INFO perfrun.launcher <> - Application exit code: 0
58412 [140453483832896] INFO perfrun.launcher <> - Exit code: 0
