1 [140183972517824] INFO perfrun.launcher <> - Launcher main begin
2 [140183972517824] INFO perfrun.launcher <> - MessageCatalogInit finished
2 [140183972517824] INFO perfrun.launcher <> - Launcher instance created
2 [140183972517824] INFO perfrun.launcher <> - argc = 6; cmdline = /home/dhpcsap/spack/opt/spack/linux-ubuntu22.10-cascadelake/gcc-12.2.0/intel-oneapi-advisor-2024.2.0-t3xpfxqp44zljmskludh5eixagltravz/advisor/2024.2/bin64/advixe-runss -dump-vdso -r /home/dhpcsap/Desktop/project/boltzmann-optimized/advisor_report/e000/hs000 --tmp-dir /tmp/advixe-tmp-dhpcsap 
48 [140183972517824] INFO perfrun.launcher <> - create msngr2::ICliToolContext
48 [140183972517824] INFO perfrun.launcher <> - create file finder object
52 [140183817152192] INFO perfrun.launcher <> - plugin [remoteplug] was disabled because it doesn't support the given collection type.
52 [140183817152192] INFO perfrun.launcher <> - plugin [system] was disabled because it doesn't support the given collection type.
53 [140183817152192] INFO perfrun.vdso <> - dumping [vdso] pseudomodule
54 [140183817152192] INFO perfrun.launcher <> - plugin [itt] was disabled because it doesn't support the given collection type.
54 [140183817152192] INFO perfrun.launcher <> - plugin [] was disabled because it doesn't support the given collection type.
55 [140183817152192] INFO perfrun.launcher <> - plugin [gpu] was disabled because it doesn't support the given collection type.
55 [140183817152192] INFO perfrun.launcher <> - plugin [] was disabled because it doesn't support the given collection type.
55 [140183817152192] INFO perfrun.launcher <> - plugin [] was disabled because it doesn't support the given collection type.
55 [140183817152192] INFO perfrun.launcher <> - plugin [] was disabled because it doesn't support the given collection type.
55 [140183817152192] INFO perfrun.launcher <> - plugin [mrte] was disabled because it doesn't support the given collection type.
55 [140183817152192] INFO perfrun.launcher <> - plugin [] was disabled because it doesn't support the given collection type.
55 [140183817152192] INFO perfrun.launcher <> - plugin [] was disabled because it doesn't support the given collection type.
55 [140183817152192] INFO perfrun.launcher <> - plugin [] was disabled because it doesn't support the given collection type.
55 [140183817152192] INFO perfrun.launcher <> - plugin [] was disabled because it doesn't support the given collection type.
55 [140183817152192] INFO perfrun.launcher <> - plugin [] was disabled because it doesn't support the given collection type.
55 [140183817152192] INFO perfrun.launcher <> - plugin [] was disabled because it doesn't support the given collection type.
55 [140183817152192] INFO perfrun.launcher <> - plugin [] was disabled because it doesn't support the given collection type.
55 [140183817152192] INFO perfrun.launcher <> - plugin [tpss] was disabled because it doesn't support the given collection type.
55 [140183817152192] INFO perfrun.launcher <> - plugin [] was disabled because it doesn't support the given collection type.
55 [140183817152192] INFO perfrun.launcher <> - plugin [] was disabled because it doesn't support the given collection type.
55 [140183817152192] INFO perfrun.launcher <> - plugin [] was disabled because it doesn't support the given collection type.
55 [140183817152192] INFO perfrun.launcher <> - plugin [] was disabled because it doesn't support the given collection type.
55 [140183817152192] INFO perfrun.launcher <> - plugin [] was disabled because it doesn't support the given collection type.
55 [140183817152192] INFO perfrun.launcher <> - plugin [] was disabled because it doesn't support the given collection type.
55 [140183817152192] INFO perfrun.launcher <> - plugin [] was disabled because it doesn't support the given collection type.
55 [140183817152192] INFO perfrun.launcher <> - plugin [] was disabled because it doesn't support the given collection type.
55 [140183817152192] INFO perfrun.launcher <> - plugin [] was disabled because it doesn't support the given collection type.
55 [140183972517824] INFO perfrun.launcher <> - Application exit code: 0
55 [140183972517824] INFO perfrun.launcher <> - Exit code: 0
