<?xml version="1.0" encoding="utf-8"?>
<log version="1.0" tool="runtool">

<msg id="1" tool="runtool">
  <type>log-start</type>
  <arg>2024/08/16 05:49:58</arg>
</msg>
<msg id="2" tool="runtool">
  <type>bandwidth-measurement-starts</type>
</msg>
<msg id="3" tool="runtool">
  <type>bandwidth-measurement-done</type>
</msg>
<msg id="4" tool="runtool">
  <type>collector-starts</type>
</msg>
<msg id="5" tool="runtool">
  <type>marker-file</type>
  <arg>/home/dhpcsap/Desktop/project/boltzmann-optimized/advisor_report/e000/trc000/trc000.advixe</arg>
</msg>
<msg id="6" tool="trc">
  <type>PROCESS_START</type>
  <arg>/home/dhpcsap/Desktop/project/boltzmann-optimized/boltzmann-optimized</arg>
  <arg>2944725</arg>
  <severity>INFO</severity>
  <timestamp>Thu Aug 15 22:20:10 2024</timestamp>
</msg>
<msg id="7" tool="trc">
  <type>PROCESS_ANALYSIS_MODE</type>
  <arg>full</arg>
  <severity>INFO</severity>
  <timestamp>Thu Aug 15 22:20:10 2024</timestamp>
</msg>
<msg id="8" tool="trc">
  <type>LOAD_MODULE</type>
  <arg>/home/dhpcsap/Desktop/project/boltzmann-optimized/boltzmann-optimized</arg>
  <arg>0x55fcb87fe000</arg>
  <arg>0x55fcb880413f</arg>
  <arg>yes</arg>
  <severity>INFO</severity>
  <timestamp>Thu Aug 15 22:20:10 2024</timestamp>
</msg>
<msg id="9" tool="trc">
  <type>LOAD_MODULE</type>
  <arg>/lib64/ld-linux-x86-64.so.2</arg>
  <arg>0x7fe52ea5c000</arg>
  <arg>0x7fe52ea932d7</arg>
  <arg>no</arg>
  <severity>INFO</severity>
  <timestamp>Thu Aug 15 22:20:10 2024</timestamp>
</msg>
<msg id="10" tool="trc">
  <type>LOAD_MODULE</type>
  <arg>[vdso]</arg>
  <arg>0x7fffb8b9f000</arg>
  <arg>0x7fffb8b9fe3c</arg>
  <arg>no</arg>
  <severity>INFO</severity>
  <timestamp>Thu Aug 15 22:20:10 2024</timestamp>
</msg>
<msg id="11" tool="trc">
  <type>LOAD_MODULE</type>
  <arg>/lib/x86_64-linux-gnu/libc.so.6</arg>
  <arg>0x7fe519800000</arg>
  <arg>0x7fe519a04f6f</arg>
  <arg>no</arg>
  <severity>INFO</severity>
  <timestamp>Thu Aug 15 22:20:10 2024</timestamp>
</msg>
<msg id="12" tool="trc">
  <type>UNLOAD_MODULE</type>
  <arg>/home/dhpcsap/Desktop/project/boltzmann-optimized/boltzmann-optimized</arg>
  <severity>INFO</severity>
  <timestamp>Fri Aug 16 00:02:25 2024</timestamp>
</msg>
<msg id="13" tool="trc">
  <type>UNLOAD_MODULE</type>
  <arg>/lib64/ld-linux-x86-64.so.2</arg>
  <severity>INFO</severity>
  <timestamp>Fri Aug 16 00:02:25 2024</timestamp>
</msg>
<msg id="14" tool="trc">
  <type>UNLOAD_MODULE</type>
  <arg>[vdso]</arg>
  <severity>INFO</severity>
  <timestamp>Fri Aug 16 00:02:25 2024</timestamp>
</msg>
<msg id="15" tool="trc">
  <type>UNLOAD_MODULE</type>
  <arg>/lib/x86_64-linux-gnu/libc.so.6</arg>
  <severity>INFO</severity>
  <timestamp>Fri Aug 16 00:02:25 2024</timestamp>
</msg>
<msg id="16" tool="trc">
  <type>PROCESS_FINISH</type>
  <arg>/home/dhpcsap/Desktop/project/boltzmann-optimized/boltzmann-optimized</arg>
  <arg>2944725</arg>
  <arg>0x0</arg>
  <severity>INFO</severity>
  <timestamp>Fri Aug 16 00:02:25 2024</timestamp>
</msg>
<msg id="17" tool="runtool">
  <type>app-exit-code</type>
  <arg>0</arg>
</msg>
<msg id="18" tool="runtool">
  <type>marker-file</type>
  <arg>/home/dhpcsap/Desktop/project/boltzmann-optimized/advisor_report/e000/trc000/trc000.advixe</arg>
</msg>
<msg id="19" tool="runtool">
  <type>collector-done</type>
</msg>
<msg id="20" tool="runtool">
  <type>log-end</type>
  <arg>2024/08/16 07:32:29</arg>
</msg>

</log>

