<?xml version="1.0" encoding="utf-8" ?>
<!-- DO NOT EDIT THIS FILE -->

<log version='2.0' source='trc'>
	<msg id='1' display='false' source='trc'>
		<type>PROCESS_START</type>
		<severity>INFO</severity>
		<timestamp>Thu Aug 15 22:20:10 2024</timestamp>
		<arg name='process'>/home/dhpcsap/Desktop/project/boltzmann-optimized/boltzmann-optimized</arg>
		<arg name='pid'>2944725</arg>
	</msg>
	<!-- Instrumentation filter's state:
    Patterns applicability:
        Generic loop pattern.....................: enabled
        Generic loop pattern (with dynamic jumps): enabled
        Known trip value loop pattern............: enabled
        Runtime final value loop pattern.........: enabled
        No initial IV loop pattern...............: enabled
        IV step only loop pattern................: enabled
        No entry loop pattern....................: enabled
    Clustered memory model (CMM) applicability:
        Generic loop pattern.....................: enabled
        Generic loop pattern (with dynamic jumps): enabled
        Known trip value loop pattern............: enabled
        Runtime final value loop pattern.........: enabled
        No initial IV loop pattern...............: enabled
        IV step only loop pattern................: enabled
        No entry loop pattern....................: disabled
 -->
	<!-- Callstack mode:
    filter modules.........: true
    filter routines........: true
    count loops............: true
    count flops............: true
    trace..................: false
    extended trace.........: false
    omp trace..............: false
    jit trace..............: false
    failures trace.........: false
    dump raw...............: false
    dump final.............: false
    dump all...............: false
    stack stitching........: true
    stl profiling..........: true
    aggressive frame switch: true
    unwind frame exit......: true
    analyze child loops....: true
 -->
	<!-- Managed application profiling: -->
	<!-- 	State...................: enabled -->
	<!-- Gpu Profiling: -->
	<!-- 	State    : disabled -->
	<!-- 	Filter   : * -->
	<!-- 	GPUs     : none -->
	<!-- 	Options  :  -->
	<!-- 	Instances:  -->
	<!-- Creating caches according to description: 8:64w:4k/1:384w:3m/1:16w:8m -->
	<!-- Created cache simulator with the following features: empty feature, random set sampler, fast random set mapper, bb attribution, default tag, empty feature with size 8388608, associativity 16, and sampling 0.100000 -->
	<!-- Created cache simulator with the following features: set locker, random set sampler, fast random set mapper, bb attribution, default tag, empty feature with size 3145728, associativity 384, and sampling 0.100000 -->
	<!-- Created cache simulator with the following features: empty feature, empty feature, fast trivial set mapper, bb attribution, default tag, empty feature with size 4096, associativity 64, and sampling 1.000000 -->
	<!-- Created cache simulator with the following features: empty feature, empty feature, fast trivial set mapper, bb attribution, default tag, empty feature with size 4096, associativity 64, and sampling 1.000000 -->
	<!-- Created cache simulator with the following features: empty feature, empty feature, fast trivial set mapper, bb attribution, default tag, empty feature with size 4096, associativity 64, and sampling 1.000000 -->
	<!-- Created cache simulator with the following features: empty feature, empty feature, fast trivial set mapper, bb attribution, default tag, empty feature with size 4096, associativity 64, and sampling 1.000000 -->
	<!-- Created cache simulator with the following features: empty feature, empty feature, fast trivial set mapper, bb attribution, default tag, empty feature with size 4096, associativity 64, and sampling 1.000000 -->
	<!-- Created cache simulator with the following features: empty feature, empty feature, fast trivial set mapper, bb attribution, default tag, empty feature with size 4096, associativity 64, and sampling 1.000000 -->
	<!-- Created cache simulator with the following features: empty feature, empty feature, fast trivial set mapper, bb attribution, default tag, empty feature with size 4096, associativity 64, and sampling 1.000000 -->
	<!-- Created cache simulator with the following features: empty feature, empty feature, fast trivial set mapper, bb attribution, default tag, empty feature with size 4096, associativity 64, and sampling 1.000000 -->
	<!-- Cache hierarchy created. Status=success -->
	<msg id='2' display='false' source='trc'>
		<type>PROCESS_ANALYSIS_MODE</type>
		<severity>INFO</severity>
		<timestamp>Thu Aug 15 22:20:10 2024</timestamp>
		<arg name='mode'>full</arg>
	</msg>
	<!-- Update image info for [1:0x55FCB87FE000:YN] /home/dhpcsap/Desktop/project/boltzmann-optimized/boltzmann-optimized -->
	<msg id='3' display='false' source='trc'>
		<type>LOAD_MODULE</type>
		<severity>INFO</severity>
		<timestamp>Thu Aug 15 22:20:10 2024</timestamp>
		<arg name='module'>/home/dhpcsap/Desktop/project/boltzmann-optimized/boltzmann-optimized</arg>
		<arg name='basement'>0x55fcb87fe000</arg>
		<arg name='ceiling'>0x55fcb880413f</arg>
		<arg name='symtab'>yes</arg>
	</msg>
	<!-- Instrumenting image: id = 1, name = /home/dhpcsap/Desktop/project/boltzmann-optimized/boltzmann-optimized -->
	<!-- Instrumenting loops in routine "main" -->
	<!-- Instrumenting loops in routine "accelerate_flow" -->
	<!-- Instrumenting loops in routine "collision" -->
	<!-- Instrumenting loops in routine "av_velocity" -->
	<!-- Instrumenting loops in routine "write_values" -->
	<!-- Update image info for [2:0x7FE52EA5C000:NN] /lib64/ld-linux-x86-64.so.2 -->
	<msg id='4' display='false' source='trc'>
		<type>LOAD_MODULE</type>
		<severity>INFO</severity>
		<timestamp>Thu Aug 15 22:20:10 2024</timestamp>
		<arg name='module'>/lib64/ld-linux-x86-64.so.2</arg>
		<arg name='basement'>0x7fe52ea5c000</arg>
		<arg name='ceiling'>0x7fe52ea932d7</arg>
		<arg name='symtab'>no</arg>
	</msg>
	<!-- Instrumentation of /lib64/ld-linux-x86-64.so.2 image skipped because of filter conditions [cs-mode]. -->
	<!-- Update image info for [3:0x7FFFB8B9F000:NN] [vdso] -->
	<msg id='5' display='false' source='trc'>
		<type>LOAD_MODULE</type>
		<severity>INFO</severity>
		<timestamp>Thu Aug 15 22:20:10 2024</timestamp>
		<arg name='module'>[vdso]</arg>
		<arg name='basement'>0x7fffb8b9f000</arg>
		<arg name='ceiling'>0x7fffb8b9fe3c</arg>
		<arg name='symtab'>no</arg>
	</msg>
	<!-- Instrumentation of [vdso] image skipped because of filter conditions [cs-mode]. -->
	<!-- Update image info for [4:0x7FE519800000:NN] /lib/x86_64-linux-gnu/libc.so.6 -->
	<msg id='6' display='false' source='trc'>
		<type>LOAD_MODULE</type>
		<severity>INFO</severity>
		<timestamp>Thu Aug 15 22:20:10 2024</timestamp>
		<arg name='module'>/lib/x86_64-linux-gnu/libc.so.6</arg>
		<arg name='basement'>0x7fe519800000</arg>
		<arg name='ceiling'>0x7fe519a04f6f</arg>
		<arg name='symtab'>no</arg>
	</msg>
	<!-- Instrumentation of /lib/x86_64-linux-gnu/libc.so.6 image skipped because of filter conditions. -->
	<msg id='7' display='false' source='trc'>
		<type>UNLOAD_MODULE</type>
		<severity>INFO</severity>
		<timestamp>Fri Aug 16 00:02:25 2024</timestamp>
		<arg name='module'>/home/dhpcsap/Desktop/project/boltzmann-optimized/boltzmann-optimized</arg>
	</msg>
	<msg id='8' display='false' source='trc'>
		<type>UNLOAD_MODULE</type>
		<severity>INFO</severity>
		<timestamp>Fri Aug 16 00:02:25 2024</timestamp>
		<arg name='module'>/lib64/ld-linux-x86-64.so.2</arg>
	</msg>
	<msg id='9' display='false' source='trc'>
		<type>UNLOAD_MODULE</type>
		<severity>INFO</severity>
		<timestamp>Fri Aug 16 00:02:25 2024</timestamp>
		<arg name='module'>[vdso]</arg>
	</msg>
	<msg id='10' display='false' source='trc'>
		<type>UNLOAD_MODULE</type>
		<severity>INFO</severity>
		<timestamp>Fri Aug 16 00:02:25 2024</timestamp>
		<arg name='module'>/lib/x86_64-linux-gnu/libc.so.6</arg>
	</msg>
	<msg id='11' display='false' source='trc'>
		<type>PROCESS_FINISH</type>
		<severity>INFO</severity>
		<timestamp>Fri Aug 16 00:02:25 2024</timestamp>
		<arg name='process'>/home/dhpcsap/Desktop/project/boltzmann-optimized/boltzmann-optimized</arg>
		<arg name='pid'>2944725</arg>
		<arg name='exitcode'>0x0</arg>
	</msg>
	<!-- Application exited with code 0 -->
</log>