83 [20176] INFO perfrun.launcher <> - Launcher main begin
88 [20176] INFO perfrun.launcher <> - MessageCatalogInit finished
88 [20176] INFO perfrun.launcher <> - Launcher instance created
88 [20176] INFO perfrun.launcher <> - argc = 7; cmdline = C:\Program Files (x86)\Intel\oneAPI\vtune\2024.2\bin64\amplxe-runss.exe --ui-output-format xml --ui-output-fd 1184 --option-file D:\Project\boltzmann-cuda\Intel® VTune™ Profiler Results\boltzmann-cuda\r001tr\config\runss.options 
111 [20176] INFO perfrun.launcher <> - New signal handler callback was added
157 [20176] INFO perfrun.perfcollector <> - SEP tool path: C:\Program Files (x86)\Intel\oneAPI\vtune\2024.2\bin64\sep.exe
176 [20176] INFO perfrun.launcher <> - create msngr2::ICliToolContext
176 [20176] INFO perfrun.launcher <> - create file finder object
176 [20176] INFO perfrun.launcher <> - create a result directory: pattern = D:\Project\boltzmann-cuda\Intel® VTune™ Profiler Results\boltzmann-cuda\r001tr pid = 4294967295
183 [20176] INFO perfrun.launcher <> - create data directory = D:\Project\boltzmann-cuda\Intel® VTune™ Profiler Results\boltzmann-cuda\r001tr\data.0
183 [20176] INFO perfrun.launcher <> - Creating the master collection flag
194 [20176] INFO perfrun.launcher <> - Done creating the master collection flag
194 [8944] INFO perfrun.launcher <> - plugin [remoteplug] was disabled because it doesn't support the given collection type.
195 [8944] INFO perfrun.sdk <> - Allocating TMU :D:\Project\boltzmann-cuda\Intel® VTune™ Profiler Results\boltzmann-cuda\r001tr\data.0\systemcollector-21784-DESKTOP-K8ALCKG.sc
195 [8944] INFO perfrun.launcher <> - plugin [] was disabled because it doesn't support the given collection type.
197 [8944] INFO perfrun.launcher <> - plugin [] was disabled because it doesn't support the given collection type.
197 [8944] INFO perfrun.launcher <> - plugin [gpu] was disabled because it doesn't support the given collection type.
197 [8944] INFO perfrun.launcher <> - plugin [etw.kernel] was disabled because it doesn't support the given collection type.
197 [8944] INFO perfrun.launcher <> - plugin [etw.dx] was disabled because it doesn't support the given collection type.
197 [8944] INFO perfrun.launcher <> - plugin [etw.wsa] was disabled because it doesn't support the given collection type.
197 [8944] INFO perfrun.mrte <> - system-wide mode is 0
197 [8944] INFO perfrun.mrte <> - Getting  mrte profiling environment ...
225 [8944] INFO perfrun.mrte <> - INTEL_MRTE_DATA_DIR=D:\Project\boltzmann-cuda\Intel® VTune™ Profiler Results\boltzmann-cuda\r001tr\data.0
225 [8944] INFO perfrun.mrte <> - INTEL_MRTE_HOST_NAME=DESKTOP-K8ALCKG
225 [8944] INFO perfrun.mrte <> - JAVA_TOOL_OPTIONS=-agentlib:amplxe_samplingmrte_javaprof_1.0
225 [8944] INFO perfrun.mrte <> - PATH=C:\Program Files (x86)\Intel\oneAPI\vtune\2024.2\bin32\runtime;C:\Program Files (x86)\Intel\oneAPI\vtune\2024.2\bin64\runtime;C:\Program Files\NVIDIA GPU Computing Toolkit\CUDA\v12.6\bin;C:\Program Files\NVIDIA GPU Computing Toolkit\CUDA\v12.6\libnvvp;C:\Program Files (x86)\VMware\VMware Workstation\bin\;C:\Windows\system32;C:\Windows;C:\Windows\System32\Wbem;C:\Windows\System32\WindowsPowerShell\v1.0\;C:\Windows\System32\OpenSSH\;C:\Program Files\NVIDIA Corporation\NVIDIA NvDLISR;C:\Program Files (x86)\NVIDIA Corporation\PhysX\Common;C:\Mingw\mingw64\bin;C:\Program Files\MySQL\MySQL Server 8.0\bin;C:\Program Files\Docker\Docker\resources\bin;C:\ProgramData\chocolatey\bin;C:\Program Files\CMake\bin;C:\Program Files\Git\cmd;C:\Program Files (x86)\Windows Kits\10\Windows Performance Toolkit\;C:\Program Files (x86)\GnuWin32\bin;C:\Program Files (x86)\Intel\oneAPI\vtune\2024.2\bin64;D:\Development\SDL2\lib\x64;C:\Program Files\NVIDIA Corporation\Nsight Compute 2024.3.0\;C:\Program Files\Microsoft Visual Studio\2022\Community\VC\Tools\MSVC\14.40.33807\bin\Hostx64\x64;C:\Program Files (x86)\Intel\oneAPI\advisor\2024.2\bin641;C:\Users\Lenovo\AppData\Local\Microsoft\WindowsApps;C:\Users\Lenovo\AppData\Local\Programs\Microsoft VS Code\bin;C:\Users\Lenovo\AppData\Local\Microsoft\WinGet\Packages\Schniz.fnm_Microsoft.Winget.Source_8wekyb3d8bbwe;C:\Users\Lenovo\AppData\Local\Microsoft\WinGet\Packages\Gyan.FFmpeg.Essentials_Microsoft.Winget.Source_8wekyb3d8bbwe\ffmpeg-7.0.2-essentials_build\bin
225 [8944] INFO perfrun.mrte <> - COR_ENABLE_PROFILING=1
225 [8944] INFO perfrun.mrte <> - COR_PROFILER={AA5E4821-E3B1-479c-B7FF-5AD047D22CED}
225 [8944] INFO perfrun.mrte <> - COMPLUS_ProfAPI_ProfilerCompatibilitySetting=EnableV2Profiler
226 [8944] INFO perfrun.mrte <> - CORECLR_ENABLE_PROFILING=1
226 [8944] INFO perfrun.mrte <> - CORECLR_PROFILER={AA5E4821-E3B1-479c-B7FF-5AD047D22CED}
226 [8944] INFO perfrun.mrte <> - CORECLR_PROFILER_PATH=C:\Program Files (x86)\Intel\oneAPI\vtune\2024.2\bin64/amplxe_samplingmrte_clrprof_1.0.dll
226 [8944] INFO perfrun.mrte <> - INTEL_MRTE_PROFILER_MODE=mixed
226 [8944] INFO perfrun.mrte <> - Data directory: D:\Project\boltzmann-cuda\Intel® VTune™ Profiler Results\boltzmann-cuda\r001tr\data.0
226 [8944] INFO perfrun.mrte <> - Mrte plugin is initialized
226 [8944] INFO perfrun.launcher <> - plugin [emon] was disabled because it doesn't support the given collection type.
226 [8944] INFO perfrun.launcher <> - plugin [cuscol] was disabled because it doesn't support the given collection type.
226 [8944] INFO perfrun.launcher <> - plugin [stdsrc] was disabled because it doesn't support the given collection type.
226 [8944] INFO perfrun.launcher <> - plugin [sep] was disabled because it doesn't support the given collection type.
226 [8944] INFO perfrun.launcher <> - plugin [vtsspp] was disabled because it doesn't support the given collection type.
226 [8944] INFO perfrun.launcher <> - plugin [perf] was disabled because it doesn't support the given collection type.
226 [8944] INFO perfrun.launcher <> - plugin [aoclprofile] was disabled because it doesn't support the given collection type.
226 [8944] INFO perfrun.tpss <> - initialize tpss controller
226 [8944] INFO perfrun.tpss <> - configure collection mode: value = cpu:counters:nostack
226 [8944] INFO perfrun.tpss <> - configure collection mode: value = cpu:stack
226 [8944] INFO perfrun.tpss <> - configure collection mode: value = threading:stack
226 [8944] INFO perfrun.tpss <> - configure collection mode: value = waiting:stack
226 [8944] INFO perfrun.tpss <> - configure collection mode: value = io:stack
226 [8944] INFO perfrun.tpss <> - default obj-size-min=1024
226 [8944] INFO perfrun.tpss <> - default hash-table-size=0
226 [8944] INFO perfrun.launcher <> - plugin [] was disabled because it doesn't support the given collection type.
226 [8944] INFO perfrun.launcher <> - plugin [] was disabled because it doesn't support the given collection type.
226 [8944] INFO perfrun.launcher <> - plugin [] was disabled because it doesn't support the given collection type.
226 [8944] INFO perfrun.launcher <> - plugin [] was disabled because it doesn't support the given collection type.
226 [8944] INFO perfrun.launcher <> - plugin [power] was disabled because it doesn't support the given collection type.
226 [8944] INFO perfrun.launcher <> - plugin [] was disabled because it doesn't support the given collection type.
226 [8944] INFO perfrun.launcher <> - plugin [ipmwatch] was disabled because it doesn't support the given collection type.
226 [8944] INFO perfrun.launcher <> - plugin [os_counters] was disabled because it doesn't support the given collection type.
226 [8944] INFO perfrun.launcher <> - plugin [l0_metrics] was disabled because it doesn't support the given collection type.
226 [20176] INFO perfrun.launcher <> - set environment variable: PATH = C:\Program Files (x86)\Intel\oneAPI\vtune\2024.2\bin32\runtime;C:\Program Files (x86)\Intel\oneAPI\vtune\2024.2\bin64\runtime;C:\Program Files\NVIDIA GPU Computing Toolkit\CUDA\v12.6\bin;C:\Program Files\NVIDIA GPU Computing Toolkit\CUDA\v12.6\libnvvp;C:\Program Files (x86)\VMware\VMware Workstation\bin\;C:\Windows\system32;C:\Windows;C:\Windows\System32\Wbem;C:\Windows\System32\WindowsPowerShell\v1.0\;C:\Windows\System32\OpenSSH\;C:\Program Files\NVIDIA Corporation\NVIDIA NvDLISR;C:\Program Files (x86)\NVIDIA Corporation\PhysX\Common;C:\Mingw\mingw64\bin;C:\Program Files\MySQL\MySQL Server 8.0\bin;C:\Program Files\Docker\Docker\resources\bin;C:\ProgramData\chocolatey\bin;C:\Program Files\CMake\bin;C:\Program Files\Git\cmd;C:\Program Files (x86)\Windows Kits\10\Windows Performance Toolkit\;C:\Program Files (x86)\GnuWin32\bin;C:\Program Files (x86)\Intel\oneAPI\vtune\2024.2\bin64;D:\Development\SDL2\lib\x64;C:\Program Files\NVIDIA Corporation\Nsight Compute 2024.3.0\;C:\Program Files\Microsoft Visual Studio\2022\Community\VC\Tools\MSVC\14.40.33807\bin\Hostx64\x64;C:\Program Files (x86)\Intel\oneAPI\advisor\2024.2\bin641;C:\Users\Lenovo\AppData\Local\Microsoft\WindowsApps;C:\Users\Lenovo\AppData\Local\Programs\Microsoft VS Code\bin;C:\Users\Lenovo\AppData\Local\Microsoft\WinGet\Packages\Schniz.fnm_Microsoft.Winget.Source_8wekyb3d8bbwe;C:\Users\Lenovo\AppData\Local\Microsoft\WinGet\Packages\Gyan.FFmpeg.Essentials_Microsoft.Winget.Source_8wekyb3d8bbwe\ffmpeg-7.0.2-essentials_build\bin
227 [20176] INFO perfrun.launcher <> - set environment variable: INTEL_LIBITTNOTIFY32 = C:\Program Files (x86)\Intel\oneAPI\vtune\2024.2\bin32\runtime\ittnotify_collector.dll
227 [20176] INFO perfrun.launcher <> - set environment variable: INTEL_LIBITTNOTIFY64 = C:\Program Files (x86)\Intel\oneAPI\vtune\2024.2\bin64\runtime\ittnotify_collector.dll
227 [20176] INFO perfrun.launcher <> - set environment variable: INTEL_ITTNOTIFY_GROUPS = 
227 [20176] INFO perfrun.launcher <> - set environment variable: INTEL_JIT_PROFILER32 = C:\Program Files (x86)\Intel\oneAPI\vtune\2024.2\bin32\runtime\ittnotify_collector.dll
227 [20176] INFO perfrun.launcher <> - set environment variable: INTEL_JIT_PROFILER64 = C:\Program Files (x86)\Intel\oneAPI\vtune\2024.2\bin64\runtime\ittnotify_collector.dll
227 [20176] INFO perfrun.launcher <> - set environment variable: OMP_TOOL_LIBRARIES = C:\Program Files (x86)\Intel\oneAPI\vtune\2024.2\bin32\runtime\ittnotify_collector.dll;C:\Program Files (x86)\Intel\oneAPI\vtune\2024.2\bin64\runtime\ittnotify_collector.dll
227 [20176] INFO perfrun.launcher <> - set environment variable: CCL_ITT_LEVEL = 1
227 [20176] INFO perfrun.launcher <> - set environment variable: ENABLE_JITPROFILING = 1
227 [20176] INFO perfrun.launcher <> - set environment variable: CL_CONFIG_USE_VTUNE = True
227 [20176] INFO perfrun.launcher <> - set environment variable: INTEL_MRTE_DATA_DIR = D:\Project\boltzmann-cuda\Intel® VTune™ Profiler Results\boltzmann-cuda\r001tr\data.0
227 [20176] INFO perfrun.launcher <> - set environment variable: INTEL_MRTE_HOST_NAME = DESKTOP-K8ALCKG
227 [20176] INFO perfrun.launcher <> - set environment variable: JAVA_TOOL_OPTIONS = -agentlib:amplxe_samplingmrte_javaprof_1.0
227 [20176] INFO perfrun.launcher <> - set environment variable: PATH = C:\Program Files (x86)\Intel\oneAPI\vtune\2024.2\bin32\runtime;C:\Program Files (x86)\Intel\oneAPI\vtune\2024.2\bin64\runtime;C:\Program Files\NVIDIA GPU Computing Toolkit\CUDA\v12.6\bin;C:\Program Files\NVIDIA GPU Computing Toolkit\CUDA\v12.6\libnvvp;C:\Program Files (x86)\VMware\VMware Workstation\bin\;C:\Windows\system32;C:\Windows;C:\Windows\System32\Wbem;C:\Windows\System32\WindowsPowerShell\v1.0\;C:\Windows\System32\OpenSSH\;C:\Program Files\NVIDIA Corporation\NVIDIA NvDLISR;C:\Program Files (x86)\NVIDIA Corporation\PhysX\Common;C:\Mingw\mingw64\bin;C:\Program Files\MySQL\MySQL Server 8.0\bin;C:\Program Files\Docker\Docker\resources\bin;C:\ProgramData\chocolatey\bin;C:\Program Files\CMake\bin;C:\Program Files\Git\cmd;C:\Program Files (x86)\Windows Kits\10\Windows Performance Toolkit\;C:\Program Files (x86)\GnuWin32\bin;C:\Program Files (x86)\Intel\oneAPI\vtune\2024.2\bin64;D:\Development\SDL2\lib\x64;C:\Program Files\NVIDIA Corporation\Nsight Compute 2024.3.0\;C:\Program Files\Microsoft Visual Studio\2022\Community\VC\Tools\MSVC\14.40.33807\bin\Hostx64\x64;C:\Program Files (x86)\Intel\oneAPI\advisor\2024.2\bin641;C:\Users\Lenovo\AppData\Local\Microsoft\WindowsApps;C:\Users\Lenovo\AppData\Local\Programs\Microsoft VS Code\bin;C:\Users\Lenovo\AppData\Local\Microsoft\WinGet\Packages\Schniz.fnm_Microsoft.Winget.Source_8wekyb3d8bbwe;C:\Users\Lenovo\AppData\Local\Microsoft\WinGet\Packages\Gyan.FFmpeg.Essentials_Microsoft.Winget.Source_8wekyb3d8bbwe\ffmpeg-7.0.2-essentials_build\bin
228 [20176] INFO perfrun.launcher <> - set environment variable: COR_ENABLE_PROFILING = 1
228 [20176] INFO perfrun.launcher <> - set environment variable: COR_PROFILER = {AA5E4821-E3B1-479c-B7FF-5AD047D22CED}
228 [20176] INFO perfrun.launcher <> - set environment variable: COMPLUS_ProfAPI_ProfilerCompatibilitySetting = EnableV2Profiler
228 [20176] INFO perfrun.launcher <> - set environment variable: CORECLR_ENABLE_PROFILING = 1
228 [20176] INFO perfrun.launcher <> - set environment variable: CORECLR_PROFILER = {AA5E4821-E3B1-479c-B7FF-5AD047D22CED}
228 [20176] INFO perfrun.launcher <> - set environment variable: CORECLR_PROFILER_PATH = C:\Program Files (x86)\Intel\oneAPI\vtune\2024.2\bin64/amplxe_samplingmrte_clrprof_1.0.dll
228 [20176] INFO perfrun.launcher <> - set environment variable: INTEL_MRTE_PROFILER_MODE = mixed
228 [20176] INFO perfrun.launcher <> - RpcServer: run RPC server to handle requests
235 [20176] INFO perfrun.sdk <> - IProcessUtil: the given executable 'D:\Project\boltzmann-cuda\Debug\boltzmann-cuda.exe' is valid.
235 [20176] INFO perfrun.launcher <> - Launcher: command line to start before modification = D:\Project\boltzmann-cuda\Debug\boltzmann-cuda.exe
237 [20176] INFO perfrun.launcher <> - Launcher: command line to start after modification = C:\Program Files (x86)\Intel\oneAPI\vtune\2024.2\bin64\pin.exe -error_file D:\Project\boltzmann-cuda\Intel® VTune™ Profiler Results\boltzmann-cuda\r001tr\data.0\pinerr.tpsslog -detach_reattach -probe -follow_execv -p32 C:\Program Files (x86)\Intel\oneAPI\vtune\2024.2\bin32\pin.exe -p64 C:\Program Files (x86)\Intel\oneAPI\vtune\2024.2\bin64\pin.exe -t64 C:\Program Files (x86)\Intel\oneAPI\vtune\2024.2\bin64\tpsstool.dll -t C:\Program Files (x86)\Intel\oneAPI\vtune\2024.2\bin32\tpsstool.dll -server_name tpss_ipc.21784 -prd_dir C:\Program Files (x86)\Intel\oneAPI\vtune\2024.2 -- D:\Project\boltzmann-cuda\Debug\boltzmann-cuda.exe
237 [20176] INFO perfrun.launcher <> - ProcessCreator object was created
243 [20176] INFO perfrun.launcher <> - Launcher: the process was started in suspend mode
253 [8944] INFO perfrun.itt <> - start itt controller for pid #16228
255 [8944] INFO perfrun.tpss <> - start tpss controller for pid #16228
307 [20176] INFO perfrun.launcher <> - Launcher: all plugins were started
307 [20176] INFO perfrun.launcher <> - DirectoryMonitor object was created
307 [20176] INFO perfrun.launcher <> - DirectoryMonitor: a callback was added
307 [20176] INFO perfrun.launcher <> - DirectoryMonitor was started with pingTime = 1000
307 [20176] INFO perfrun.launcher <> - DeadlineTimer is going to be constructed
307 [20176] INFO perfrun.launcher <> - DeadlineTimer: a callback was added
315 [20176] INFO perfrun.launcher <> - Launcher: resume the profiled application and  wait its termination or stop command
4440 [20176] INFO perfrun.launcher <> - Launcher: the profiled application was terminated  with exit code = 0
4549 [8944] INFO perfrun.itt <> - detach itt controller
4549 [8944] INFO perfrun.itt <> - detach itt controller done
4549 [8944] INFO perfrun.tpss <> - stop tpss controller
4550 [8944] INFO perfrun.sdk <> - De-allocating TMU: D:\Project\boltzmann-cuda\Intel® VTune™ Profiler Results\boltzmann-cuda\r001tr\data.0\systemcollector-21784-DESKTOP-K8ALCKG.sc
4576 [8944] INFO perfrun.system <> - closed the system trace file: D:\Project\boltzmann-cuda\Intel® VTune™ Profiler Results\boltzmann-cuda\r001tr\data.0\systemcollector-21784-DESKTOP-K8ALCKG.sc
4576 [20176] INFO perfrun.launcher <> - Launcher: all plugins were stopped.
4576 [20176] INFO perfrun.launcher <> - DeadlineTimer is going to be destroyed
4577 [20176] INFO perfrun.launcher <> - DeadlineTimer was destroyed
4577 [20176] INFO perfrun.launcher <> - DirectoryMonitor object was destroyed
4577 [20176] WARN perfrun.launcher <> - Stop command is ignored because it is received when collection is already stopped, at file: vcs\perfrun1\launcher\src\command_handler.cpp:226
4578 [20176] INFO perfrun.launcher <> - Application exit code: 0
4578 [20176] INFO perfrun.launcher <> - Exit code: 0
