1 [140642905096768] INFO perfrun.launcher <> - Launcher main begin
1 [140642905096768] INFO perfrun.launcher <> - MessageCatalogInit finished
1 [140642905096768] INFO perfrun.launcher <> - Launcher instance created
1 [140642905096768] INFO perfrun.launcher <> - argc = 6; cmdline = /home/dhpcsap/spack/opt/spack/linux-ubuntu22.10-cascadelake/gcc-12.2.0/intel-oneapi-vtune-2024.2.0-ixk4tg2yhpugnwbfiv6hdusvlykbvrht/vtune/2024.2/bin64/amplxe-runss -dump-vdso -r /home/dhpcsap/Desktop/project/boltzmann-original/vtune_original --tmp-dir /tmp/amplxe-tmp-dhpcsap 
42 [140642905096768] INFO perfrun.perfcollector <> - SEP tool path: /home/dhpcsap/spack/opt/spack/linux-ubuntu22.10-cascadelake/gcc-12.2.0/intel-oneapi-vtune-2024.2.0-ixk4tg2yhpugnwbfiv6hdusvlykbvrht/vtune/2024.2/bin64/sep
48 [140642905096768] INFO perfrun.launcher <> - create msngr2::ICliToolContext
48 [140642905096768] INFO perfrun.launcher <> - create file finder object
53 [140642749507264] INFO perfrun.launcher <> - plugin [remoteplug] was disabled because it doesn't support the given collection type.
53 [140642749507264] INFO perfrun.launcher <> - plugin [system] was disabled because it doesn't support the given collection type.
53 [140642749507264] INFO perfrun.vdso <> - dumping [vdso] pseudomodule
55 [140642749507264] INFO perfrun.launcher <> - plugin [itt] was disabled because it doesn't support the given collection type.
55 [140642749507264] INFO perfrun.launcher <> - plugin [ptracecollector] was disabled because it doesn't support the given collection type.
55 [140642749507264] INFO perfrun.launcher <> - plugin [gpu] was disabled because it doesn't support the given collection type.
55 [140642749507264] INFO perfrun.launcher <> - plugin [] was disabled because it doesn't support the given collection type.
55 [140642749507264] INFO perfrun.launcher <> - plugin [] was disabled because it doesn't support the given collection type.
55 [140642749507264] INFO perfrun.launcher <> - plugin [] was disabled because it doesn't support the given collection type.
55 [140642749507264] INFO perfrun.launcher <> - plugin [mrte] was disabled because it doesn't support the given collection type.
55 [140642749507264] INFO perfrun.launcher <> - plugin [emon] was disabled because it doesn't support the given collection type.
55 [140642749507264] INFO perfrun.launcher <> - plugin [cuscol] was disabled because it doesn't support the given collection type.
55 [140642749507264] INFO perfrun.launcher <> - plugin [stdsrc] was disabled because it doesn't support the given collection type.
55 [140642749507264] INFO perfrun.launcher <> - plugin [sep] was disabled because it doesn't support the given collection type.
55 [140642749507264] INFO perfrun.launcher <> - plugin [vtsspp] was disabled because it doesn't support the given collection type.
55 [140642749507264] INFO perfrun.launcher <> - plugin [perf] was disabled because it doesn't support the given collection type.
55 [140642749507264] INFO perfrun.launcher <> - plugin [aoclprofile] was disabled because it doesn't support the given collection type.
55 [140642749507264] INFO perfrun.launcher <> - plugin [tpss] was disabled because it doesn't support the given collection type.
55 [140642749507264] INFO perfrun.launcher <> - plugin [media] was disabled because it doesn't support the given collection type.
55 [140642749507264] INFO perfrun.launcher <> - plugin [] was disabled because it doesn't support the given collection type.
55 [140642749507264] INFO perfrun.launcher <> - plugin [] was disabled because it doesn't support the given collection type.
55 [140642749507264] INFO perfrun.launcher <> - plugin [parallelfs] was disabled because it doesn't support the given collection type.
55 [140642749507264] INFO perfrun.launcher <> - plugin [power] was disabled because it doesn't support the given collection type.
55 [140642749507264] INFO perfrun.launcher <> - plugin [] was disabled because it doesn't support the given collection type.
55 [140642749507264] INFO perfrun.launcher <> - plugin [ipmwatch] was disabled because it doesn't support the given collection type.
55 [140642749507264] INFO perfrun.launcher <> - plugin [os_counters] was disabled because it doesn't support the given collection type.
55 [140642749507264] INFO perfrun.launcher <> - plugin [l0_metrics] was disabled because it doesn't support the given collection type.
55 [140642905096768] INFO perfrun.launcher <> - Application exit code: 0
55 [140642905096768] INFO perfrun.launcher <> - Exit code: 0
